0 verbose cli C:\Program Files\nodejs\node.exe C:\Program Files\nodejs\node_modules\npm\bin\npm-cli.js
1 info using npm@9.5.1
2 info using node@v18.16.0
3 timing npm:load:whichnode Completed in 1ms
4 timing config:load:defaults Completed in 1ms
5 timing config:load:file:C:\Users\jonat\AppData\Roaming\nvm\v18.16.0\node_modules\npm\npmrc Completed in 1ms
6 timing config:load:builtin Completed in 1ms
7 timing config:load:cli Completed in 2ms
8 timing config:load:env Completed in 0ms
9 timing config:load:file:C:\Users\jonat\OneDrive\Desktop\photo-gallery\.npmrc Completed in 0ms
10 timing config:load:project Completed in 10ms
11 timing config:load:file:C:\Users\jonat\.npmrc Completed in 0ms
12 timing config:load:user Completed in 1ms
13 timing config:load:file:C:\Program Files\nodejs\etc\npmrc Completed in 0ms
14 timing config:load:global Completed in 0ms
15 timing config:load:setEnvs Completed in 1ms
16 timing config:load Completed in 17ms
17 timing npm:load:configload Completed in 17ms
18 timing npm:load:mkdirpcache Completed in 1ms
19 timing npm:load:mkdirplogs Completed in 0ms
20 verbose title npm ci
21 verbose argv "ci" "--cache" ".npm" "--prefer-offline" "--force"
22 timing npm:load:setTitle Completed in 2ms
23 timing config:load:flatten Completed in 4ms
24 timing npm:load:display Completed in 4ms
25 verbose logfile logs-max:10 dir:C:\Users\jonat\OneDrive\Desktop\photo-gallery\.npm\_logs\2024-09-07T00_12_47_670Z-
26 verbose logfile C:\Users\jonat\OneDrive\Desktop\photo-gallery\.npm\_logs\2024-09-07T00_12_47_670Z-debug-0.log
27 timing npm:load:logFile Completed in 20ms
28 timing npm:load:timers Completed in 0ms
29 timing npm:load:configScope Completed in 0ms
30 warn using --force Recommended protections disabled.
31 timing npm:load Completed in 49ms
32 timing arborist:ctor Completed in 1ms
33 silly logfile done cleaning log files
34 timing idealTree:init Completed in 9ms
35 timing idealTree:userRequests Completed in 0ms
36 silly idealTree buildDeps
37 silly fetch manifest react-images@^1.2.0-beta.7
38 http fetch GET 200 https://registry.npmjs.org/react-images 51ms (cache stale)
39 silly fetch manifest prop-types@^15.7.2
40 http fetch GET 200 https://registry.npmjs.org/prop-types 313ms (cache miss)
41 silly fetch manifest react@^18.3.1
42 http fetch GET 200 https://registry.npmjs.org/react 296ms (cache miss)
43 silly fetch manifest react@^16.2.0 || ^17.0.0
44 silly fetch manifest react-dom@^18.3.1
45 http fetch GET 200 https://registry.npmjs.org/react-dom 286ms (cache miss)
46 silly fetch manifest react-dom@^16.2.0 || ^17.0.0
47 silly placeDep ROOT react-images@1.2.0-beta.7 OK for: photo-gallery@0.1.0 want: ^1.2.0-beta.7
48 silly fetch manifest a11y-focus-store@^1.0.0
49 silly fetch manifest cross-env@^7.0.3
50 silly fetch manifest glam@^5.0.1
51 silly fetch manifest html-react-parser@^1.2.4
52 silly fetch manifest raf-schd@^4.0.2
53 silly fetch manifest react-focus-on@^3.5.1
54 silly fetch manifest react-full-screen@^1.0.1
55 silly fetch manifest react-transition-group@^4.4.1
56 silly fetch manifest react-view-pager@^0.6.0
57 http fetch GET 200 https://registry.npmjs.org/cross-env 67ms (cache stale)
58 http fetch GET 200 https://registry.npmjs.org/html-react-parser 68ms (cache stale)
59 http fetch GET 200 https://registry.npmjs.org/glam 72ms (cache stale)
60 http fetch GET 200 https://registry.npmjs.org/react-transition-group 72ms (cache stale)
61 http fetch GET 200 https://registry.npmjs.org/a11y-focus-store 77ms (cache stale)
62 http fetch GET 200 https://registry.npmjs.org/react-focus-on 76ms (cache stale)
63 http fetch GET 200 https://registry.npmjs.org/raf-schd 79ms (cache stale)
64 http fetch GET 200 https://registry.npmjs.org/react-full-screen 88ms (cache stale)
65 http fetch GET 200 https://registry.npmjs.org/react-view-pager 102ms (cache stale)
66 timing idealTree:#root Completed in 1159ms
67 silly fetch manifest @types/react@^16.8.0 || ^17.0.0 || ^18.0.0
68 http fetch GET 200 https://registry.npmjs.org/@types%2freact 124ms (cache miss)
69 silly fetch manifest react@0.14.x || ^15.0.0 || ^16.0.0
70 silly fetch manifest react-dom@0.14.x || ^15.0.0 || ^16.0.0
71 silly placeDep ROOT a11y-focus-store@1.0.0 OK for: react-images@1.2.0-beta.7 want: ^1.0.0
72 silly placeDep ROOT cross-env@7.0.3 OK for: react-images@1.2.0-beta.7 want: ^7.0.3
73 silly placeDep ROOT glam@5.0.1 OK for: react-images@1.2.0-beta.7 want: ^5.0.1
74 silly placeDep ROOT html-react-parser@1.4.14 OK for: react-images@1.2.0-beta.7 want: ^1.2.4
75 silly placeDep ROOT raf-schd@4.0.3 OK for: react-images@1.2.0-beta.7 want: ^4.0.2
76 warn ERESOLVE overriding peer dependency {
76 warn ERESOLVE   code: 'ERESOLVE',
76 warn ERESOLVE   edge: {
76 warn ERESOLVE     type: 'peer',
76 warn ERESOLVE     name: 'react',
76 warn ERESOLVE     spec: '^16.2.0 || ^17.0.0',
76 warn ERESOLVE     error: 'INVALID',
76 warn ERESOLVE     from: {
76 warn ERESOLVE       name: 'react-images',
76 warn ERESOLVE       version: '1.2.0-beta.7',
76 warn ERESOLVE       location: 'node_modules/react-images',
76 warn ERESOLVE       isWorkspace: false,
76 warn ERESOLVE       dependents: [Array]
76 warn ERESOLVE     }
76 warn ERESOLVE   },
76 warn ERESOLVE   dep: {
76 warn ERESOLVE     name: 'react',
76 warn ERESOLVE     version: '17.0.2',
76 warn ERESOLVE     whileInstalling: {
76 warn ERESOLVE       name: 'react-images',
76 warn ERESOLVE       version: '1.2.0-beta.7',
76 warn ERESOLVE       path: 'C:\\Users\\jonat\\OneDrive\\Desktop\\photo-gallery\\node_modules\\react-images'
76 warn ERESOLVE     },
76 warn ERESOLVE     location: 'node_modules/react',
76 warn ERESOLVE     isWorkspace: false,
76 warn ERESOLVE     dependents: [ [Object] ]
76 warn ERESOLVE   },
76 warn ERESOLVE   force: true,
76 warn ERESOLVE   isMine: true,
76 warn ERESOLVE   strictPeerDeps: false,
76 warn ERESOLVE   current: {
76 warn ERESOLVE     name: 'react',
76 warn ERESOLVE     version: '18.3.1',
76 warn ERESOLVE     location: 'node_modules/react',
76 warn ERESOLVE     isWorkspace: false,
76 warn ERESOLVE     dependents: [
76 warn ERESOLVE       [Object], [Object],
76 warn ERESOLVE       [Object], [Object],
76 warn ERESOLVE       [Object], [Object],
76 warn ERESOLVE       [Object]
76 warn ERESOLVE     ]
76 warn ERESOLVE   },
76 warn ERESOLVE   peerConflict: {
76 warn ERESOLVE     current: {
76 warn ERESOLVE       name: 'react',
76 warn ERESOLVE       version: '18.3.1',
76 warn ERESOLVE       location: 'node_modules/react',
76 warn ERESOLVE       isWorkspace: false,
76 warn ERESOLVE       dependents: [Array]
76 warn ERESOLVE     },
76 warn ERESOLVE     peer: {
76 warn ERESOLVE       name: 'react',
76 warn ERESOLVE       version: '17.0.2',
76 warn ERESOLVE       whileInstalling: [Object],
76 warn ERESOLVE       location: 'node_modules/react',
76 warn ERESOLVE       isWorkspace: false,
76 warn ERESOLVE       dependents: [Array]
76 warn ERESOLVE     }
76 warn ERESOLVE   }
76 warn ERESOLVE }
77 warn ERESOLVE overriding peer dependency {
77 warn ERESOLVE   code: 'ERESOLVE',
77 warn ERESOLVE   edge: {
77 warn ERESOLVE     type: 'peer',
77 warn ERESOLVE     name: 'react-dom',
77 warn ERESOLVE     spec: '^16.2.0 || ^17.0.0',
77 warn ERESOLVE     error: 'INVALID',
77 warn ERESOLVE     from: {
77 warn ERESOLVE       name: 'react-images',
77 warn ERESOLVE       version: '1.2.0-beta.7',
77 warn ERESOLVE       location: 'node_modules/react-images',
77 warn ERESOLVE       isWorkspace: false,
77 warn ERESOLVE       dependents: [Array]
77 warn ERESOLVE     }
77 warn ERESOLVE   },
77 warn ERESOLVE   dep: {
77 warn ERESOLVE     name: 'react-dom',
77 warn ERESOLVE     version: '17.0.2',
77 warn ERESOLVE     whileInstalling: {
77 warn ERESOLVE       name: 'react-images',
77 warn ERESOLVE       version: '1.2.0-beta.7',
77 warn ERESOLVE       path: 'C:\\Users\\jonat\\OneDrive\\Desktop\\photo-gallery\\node_modules\\react-images'
77 warn ERESOLVE     },
77 warn ERESOLVE     location: 'node_modules/react-dom',
77 warn ERESOLVE     isWorkspace: false,
77 warn ERESOLVE     dependents: [ [Object] ]
77 warn ERESOLVE   },
77 warn ERESOLVE   force: true,
77 warn ERESOLVE   isMine: true,
77 warn ERESOLVE   strictPeerDeps: false,
77 warn ERESOLVE   current: {
77 warn ERESOLVE     name: 'react-dom',
77 warn ERESOLVE     version: '18.3.1',
77 warn ERESOLVE     location: 'node_modules/react-dom',
77 warn ERESOLVE     isWorkspace: false,
77 warn ERESOLVE     dependents: [ [Object], [Object], [Object] ]
77 warn ERESOLVE   },
77 warn ERESOLVE   peerConflict: {
77 warn ERESOLVE     current: {
77 warn ERESOLVE       name: 'react-dom',
77 warn ERESOLVE       version: '18.3.1',
77 warn ERESOLVE       location: 'node_modules/react-dom',
77 warn ERESOLVE       isWorkspace: false,
77 warn ERESOLVE       dependents: [Array]
77 warn ERESOLVE     },
77 warn ERESOLVE     peer: {
77 warn ERESOLVE       name: 'react-dom',
77 warn ERESOLVE       version: '17.0.2',
77 warn ERESOLVE       whileInstalling: [Object],
77 warn ERESOLVE       location: 'node_modules/react-dom',
77 warn ERESOLVE       isWorkspace: false,
77 warn ERESOLVE       dependents: [Array]
77 warn ERESOLVE     }
77 warn ERESOLVE   }
77 warn ERESOLVE }
78 silly placeDep ROOT react-focus-on@3.9.3 OK for: react-images@1.2.0-beta.7 want: ^3.5.1
79 silly placeDep ROOT react-full-screen@1.1.1 OK for: react-images@1.2.0-beta.7 want: ^1.0.1
80 silly placeDep ROOT react-transition-group@4.4.5 OK for: react-images@1.2.0-beta.7 want: ^4.4.1
81 silly placeDep node_modules/react-images react-view-pager@0.6.0 CONFLICT for: react-images@1.2.0-beta.7 want: ^0.6.0
82 warn ERESOLVE overriding peer dependency {
82 warn ERESOLVE   code: 'ERESOLVE',
82 warn ERESOLVE   edge: {
82 warn ERESOLVE     type: 'peer',
82 warn ERESOLVE     name: 'react',
82 warn ERESOLVE     spec: '0.14.x || ^15.0.0 || ^16.0.0',
82 warn ERESOLVE     error: 'INVALID',
82 warn ERESOLVE     from: {
82 warn ERESOLVE       name: 'react-view-pager',
82 warn ERESOLVE       version: '0.6.0',
82 warn ERESOLVE       location: 'node_modules/react-images/node_modules/react-view-pager',
82 warn ERESOLVE       isWorkspace: false,
82 warn ERESOLVE       dependents: [Array]
82 warn ERESOLVE     }
82 warn ERESOLVE   },
82 warn ERESOLVE   dep: {
82 warn ERESOLVE     name: 'react',
82 warn ERESOLVE     version: '16.14.0',
82 warn ERESOLVE     whileInstalling: {
82 warn ERESOLVE       name: 'react-images',
82 warn ERESOLVE       version: '1.2.0-beta.7',
82 warn ERESOLVE       path: 'C:\\Users\\jonat\\OneDrive\\Desktop\\photo-gallery\\node_modules\\react-images'
82 warn ERESOLVE     },
82 warn ERESOLVE     location: 'node_modules/react',
82 warn ERESOLVE     isWorkspace: false,
82 warn ERESOLVE     dependents: [ [Object] ]
82 warn ERESOLVE   },
82 warn ERESOLVE   force: true,
82 warn ERESOLVE   isMine: false,
82 warn ERESOLVE   strictPeerDeps: false,
82 warn ERESOLVE   current: {
82 warn ERESOLVE     name: 'react',
82 warn ERESOLVE     version: '18.3.1',
82 warn ERESOLVE     location: 'node_modules/react',
82 warn ERESOLVE     isWorkspace: false,
82 warn ERESOLVE     dependents: [
82 warn ERESOLVE       [Object], [Object],
82 warn ERESOLVE       [Object], [Object],
82 warn ERESOLVE       [Object], [Object],
82 warn ERESOLVE       [Object]
82 warn ERESOLVE     ]
82 warn ERESOLVE   },
82 warn ERESOLVE   peerConflict: {
82 warn ERESOLVE     name: 'react',
82 warn ERESOLVE     version: '18.3.1',
82 warn ERESOLVE     location: 'node_modules/react',
82 warn ERESOLVE     isWorkspace: false,
82 warn ERESOLVE     dependents: [
82 warn ERESOLVE       [Object], [Object],
82 warn ERESOLVE       [Object], [Object],
82 warn ERESOLVE       [Object], [Object],
82 warn ERESOLVE       [Object]
82 warn ERESOLVE     ]
82 warn ERESOLVE   }
82 warn ERESOLVE }
83 warn ERESOLVE overriding peer dependency {
83 warn ERESOLVE   code: 'ERESOLVE',
83 warn ERESOLVE   edge: {
83 warn ERESOLVE     type: 'peer',
83 warn ERESOLVE     name: 'react-dom',
83 warn ERESOLVE     spec: '0.14.x || ^15.0.0 || ^16.0.0',
83 warn ERESOLVE     error: 'INVALID',
83 warn ERESOLVE     from: {
83 warn ERESOLVE       name: 'react-view-pager',
83 warn ERESOLVE       version: '0.6.0',
83 warn ERESOLVE       location: 'node_modules/react-images/node_modules/react-view-pager',
83 warn ERESOLVE       isWorkspace: false,
83 warn ERESOLVE       dependents: [Array]
83 warn ERESOLVE     }
83 warn ERESOLVE   },
83 warn ERESOLVE   dep: {
83 warn ERESOLVE     name: 'react-dom',
83 warn ERESOLVE     version: '16.14.0',
83 warn ERESOLVE     whileInstalling: {
83 warn ERESOLVE       name: 'react-images',
83 warn ERESOLVE       version: '1.2.0-beta.7',
83 warn ERESOLVE       path: 'C:\\Users\\jonat\\OneDrive\\Desktop\\photo-gallery\\node_modules\\react-images'
83 warn ERESOLVE     },
83 warn ERESOLVE     location: 'node_modules/react-dom',
83 warn ERESOLVE     isWorkspace: false,
83 warn ERESOLVE     dependents: [ [Object] ]
83 warn ERESOLVE   },
83 warn ERESOLVE   force: true,
83 warn ERESOLVE   isMine: false,
83 warn ERESOLVE   strictPeerDeps: false,
83 warn ERESOLVE   current: {
83 warn ERESOLVE     name: 'react-dom',
83 warn ERESOLVE     version: '18.3.1',
83 warn ERESOLVE     location: 'node_modules/react-dom',
83 warn ERESOLVE     isWorkspace: false,
83 warn ERESOLVE     dependents: [ [Object], [Object], [Object] ]
83 warn ERESOLVE   },
83 warn ERESOLVE   peerConflict: {
83 warn ERESOLVE     name: 'react-dom',
83 warn ERESOLVE     version: '18.3.1',
83 warn ERESOLVE     location: 'node_modules/react-dom',
83 warn ERESOLVE     isWorkspace: false,
83 warn ERESOLVE     dependents: [ [Object], [Object], [Object] ]
83 warn ERESOLVE   }
83 warn ERESOLVE }
84 silly fetch manifest fbjs@^0.8.16
85 silly fetch manifest inline-style-prefixer@^3.0.8
86 silly fetch manifest style-to-js@1.1.1
87 silly fetch manifest react-property@2.0.0
88 silly fetch manifest html-dom-parser@1.2.0
89 silly fetch manifest aria-hidden@^1.2.2
90 silly fetch manifest react-focus-lock@^2.11.3
91 silly fetch manifest react-remove-scroll@^2.5.7
92 silly fetch manifest react-style-singleton@^2.2.1
93 silly fetch manifest use-sidecar@^1.1.2
94 silly fetch manifest fscreen@^1.0.2
95 silly fetch manifest dom-helpers@^5.0.1
96 silly fetch manifest animation-bus@^0.2.0
97 silly fetch manifest get-prefix@^1.0.0
98 silly fetch manifest mitt@1.1.3
99 silly fetch manifest react-motion@^0.5.0
100 silly fetch manifest resize-observer-polyfill@1.5.0
101 silly fetch manifest tabbable@1.1.2
102 http fetch GET 200 https://registry.npmjs.org/style-to-js 132ms (cache stale)
103 http fetch GET 200 https://registry.npmjs.org/fbjs 134ms (cache stale)
104 http fetch GET 200 https://registry.npmjs.org/html-dom-parser 136ms (cache stale)
105 http fetch GET 200 https://registry.npmjs.org/use-sidecar 137ms (cache stale)
106 http fetch GET 200 https://registry.npmjs.org/inline-style-prefixer 141ms (cache stale)
107 http fetch GET 200 https://registry.npmjs.org/react-focus-lock 142ms (cache stale)
108 http fetch GET 200 https://registry.npmjs.org/aria-hidden 145ms (cache stale)
109 http fetch GET 200 https://registry.npmjs.org/react-remove-scroll 145ms (cache stale)
110 http fetch GET 200 https://registry.npmjs.org/react-style-singleton 146ms (cache stale)
111 http fetch GET 200 https://registry.npmjs.org/dom-helpers 147ms (cache stale)
112 http fetch GET 200 https://registry.npmjs.org/get-prefix 148ms (cache stale)
113 http fetch GET 200 https://registry.npmjs.org/mitt 148ms (cache stale)
114 http fetch GET 200 https://registry.npmjs.org/animation-bus 154ms (cache stale)
115 http fetch GET 200 https://registry.npmjs.org/fscreen 155ms (cache stale)
116 http fetch GET 200 https://registry.npmjs.org/react-property 159ms (cache stale)
117 http fetch GET 200 https://registry.npmjs.org/resize-observer-polyfill 158ms (cache stale)
118 http fetch GET 200 https://registry.npmjs.org/react-motion 159ms (cache stale)
119 http fetch GET 200 https://registry.npmjs.org/tabbable 159ms (cache stale)
120 timing idealTree:node_modules/react-images Completed in 383ms
121 timing idealTree:node_modules/a11y-focus-store Completed in 0ms
122 timing idealTree:node_modules/cross-env Completed in 0ms
123 silly placeDep ROOT fbjs@0.8.18 OK for: glam@5.0.1 want: ^0.8.16
124 silly placeDep ROOT inline-style-prefixer@3.0.8 OK for: glam@5.0.1 want: ^3.0.8
125 silly fetch manifest core-js@^1.0.0
126 silly fetch manifest isomorphic-fetch@^2.1.1
127 silly fetch manifest promise@^7.1.1
128 silly fetch manifest setimmediate@^1.0.5
129 silly fetch manifest ua-parser-js@^0.7.30
130 silly fetch manifest bowser@^1.7.3
131 silly fetch manifest css-in-js-utils@^2.0.0
132 http fetch GET 200 https://registry.npmjs.org/setimmediate 43ms (cache stale)
133 http fetch GET 200 https://registry.npmjs.org/isomorphic-fetch 45ms (cache stale)
134 http fetch GET 200 https://registry.npmjs.org/promise 45ms (cache stale)
135 http fetch GET 200 https://registry.npmjs.org/core-js 56ms (cache stale)
136 http fetch GET 200 https://registry.npmjs.org/css-in-js-utils 69ms (cache stale)
137 http fetch GET 200 https://registry.npmjs.org/bowser 70ms (cache stale)
138 http fetch GET 200 https://registry.npmjs.org/ua-parser-js 73ms (cache stale)
139 timing idealTree:node_modules/glam Completed in 80ms
140 silly placeDep node_modules/fbjs core-js@1.2.7 OK for: fbjs@0.8.18 want: ^1.0.0
141 silly placeDep ROOT isomorphic-fetch@2.2.1 OK for: fbjs@0.8.18 want: ^2.1.1
142 silly placeDep node_modules/fbjs promise@7.3.1 OK for: fbjs@0.8.18 want: ^7.1.1
143 silly placeDep ROOT setimmediate@1.0.5 OK for: fbjs@0.8.18 want: ^1.0.5
144 silly placeDep ROOT ua-parser-js@0.7.38 OK for: fbjs@0.8.18 want: ^0.7.30
145 silly fetch manifest node-fetch@^1.0.1
146 http fetch GET 200 https://registry.npmjs.org/node-fetch 23ms (cache stale)
147 timing idealTree:node_modules/fbjs Completed in 30ms
148 silly placeDep ROOT html-dom-parser@1.2.0 OK for: html-react-parser@1.4.14 want: 1.2.0
149 silly placeDep ROOT react-property@2.0.0 OK for: html-react-parser@1.4.14 want: 2.0.0
150 silly placeDep ROOT style-to-js@1.1.1 OK for: html-react-parser@1.4.14 want: 1.1.1
151 silly fetch manifest htmlparser2@7.2.0
152 silly fetch manifest style-to-object@0.3.0
153 http fetch GET 200 https://registry.npmjs.org/htmlparser2 44ms (cache stale)
154 http fetch GET 200 https://registry.npmjs.org/style-to-object 47ms (cache stale)
155 timing idealTree:node_modules/html-react-parser Completed in 53ms
156 silly placeDep node_modules/html-dom-parser htmlparser2@7.2.0 OK for: html-dom-parser@1.2.0 want: 7.2.0
157 silly fetch manifest entities@^3.0.1
158 http fetch GET 200 https://registry.npmjs.org/entities 19ms (cache stale)
159 timing idealTree:node_modules/html-dom-parser Completed in 23ms
160 silly placeDep ROOT bowser@1.9.4 OK for: inline-style-prefixer@3.0.8 want: ^1.7.3
161 silly placeDep ROOT css-in-js-utils@2.0.1 OK for: inline-style-prefixer@3.0.8 want: ^2.0.0
162 silly fetch manifest hyphenate-style-name@^1.0.2
163 silly fetch manifest isobject@^3.0.1
164 http fetch GET 200 https://registry.npmjs.org/hyphenate-style-name 25ms (cache stale)
165 http fetch GET 200 https://registry.npmjs.org/isobject 25ms (cache stale)
166 timing idealTree:node_modules/inline-style-prefixer Completed in 31ms
167 timing idealTree:node_modules/bowser Completed in 0ms
168 silly placeDep ROOT hyphenate-style-name@1.1.0 OK for: css-in-js-utils@2.0.1 want: ^1.0.2
169 silly placeDep ROOT isobject@3.0.1 OK for: css-in-js-utils@2.0.1 want: ^3.0.1
170 timing idealTree:node_modules/css-in-js-utils Completed in 4ms
171 timing idealTree:node_modules/hyphenate-style-name Completed in 0ms
172 timing idealTree:node_modules/isobject Completed in 0ms
173 silly placeDep ROOT node-fetch@1.7.3 OK for: isomorphic-fetch@2.2.1 want: ^1.0.1
174 silly fetch manifest encoding@^0.1.11
175 silly fetch manifest is-stream@^1.0.1
176 http fetch GET 200 https://registry.npmjs.org/is-stream 30ms (cache stale)
177 http fetch GET 200 https://registry.npmjs.org/encoding 32ms (cache stale)
178 timing idealTree:node_modules/isomorphic-fetch Completed in 36ms
179 silly placeDep ROOT encoding@0.1.13 OK for: node-fetch@1.7.3 want: ^0.1.11
180 silly placeDep node_modules/node-fetch is-stream@1.1.0 OK for: node-fetch@1.7.3 want: ^1.0.1
181 timing idealTree:node_modules/node-fetch Completed in 3ms
182 timing idealTree:node_modules/encoding Completed in 0ms
183 timing idealTree:node_modules/raf-schd Completed in 0ms
184 silly fetch manifest react@^16.8.0 || ^17.0.0 || ^18.0.0
185 silly placeDep ROOT aria-hidden@1.2.4 OK for: react-focus-on@3.9.3 want: ^1.2.2
186 silly placeDep ROOT react-focus-lock@2.13.2 OK for: react-focus-on@3.9.3 want: ^2.11.3
187 silly placeDep ROOT react-remove-scroll@2.5.10 OK for: react-focus-on@3.9.3 want: ^2.5.7
188 silly placeDep ROOT react-style-singleton@2.2.1 OK for: react-focus-on@3.9.3 want: ^2.2.1
189 silly placeDep ROOT use-sidecar@1.1.2 OK for: react-focus-on@3.9.3 want: ^1.1.2
190 silly fetch manifest focus-lock@^1.3.5
191 silly fetch manifest react-clientside-effect@^1.2.6
192 silly fetch manifest use-callback-ref@^1.3.2
193 silly fetch manifest react-remove-scroll-bar@^2.3.6
194 silly fetch manifest use-callback-ref@^1.3.0
195 silly fetch manifest get-nonce@^1.0.0
196 silly fetch manifest invariant@^2.2.4
197 silly fetch manifest detect-node-es@^1.1.0
198 http fetch GET 200 https://registry.npmjs.org/use-callback-ref 54ms (cache stale)
199 http fetch GET 200 https://registry.npmjs.org/use-callback-ref 54ms (cache stale)
200 http fetch GET 200 https://registry.npmjs.org/focus-lock 57ms (cache stale)
201 http fetch GET 200 https://registry.npmjs.org/react-remove-scroll-bar 58ms (cache stale)
202 http fetch GET 200 https://registry.npmjs.org/react-clientside-effect 64ms (cache stale)
203 http fetch GET 200 https://registry.npmjs.org/detect-node-es 66ms (cache stale)
204 http fetch GET 200 https://registry.npmjs.org/get-nonce 69ms (cache stale)
205 http fetch GET 200 https://registry.npmjs.org/invariant 69ms (cache stale)
206 timing idealTree:node_modules/react-focus-on Completed in 86ms
207 timing idealTree:node_modules/aria-hidden Completed in 0ms
208 silly placeDep ROOT focus-lock@1.3.5 OK for: react-focus-lock@2.13.2 want: ^1.3.5
209 silly placeDep ROOT react-clientside-effect@1.2.6 OK for: react-focus-lock@2.13.2 want: ^1.2.6
210 silly placeDep ROOT use-callback-ref@1.3.2 OK for: react-focus-lock@2.13.2 want: ^1.3.2
211 timing idealTree:node_modules/react-focus-lock Completed in 5ms
212 timing idealTree:node_modules/focus-lock Completed in 0ms
213 timing idealTree:node_modules/react-clientside-effect Completed in 0ms
214 silly placeDep ROOT fscreen@1.2.0 OK for: react-full-screen@1.1.1 want: ^1.0.2
215 timing idealTree:node_modules/react-full-screen Completed in 1ms
216 timing idealTree:node_modules/fscreen Completed in 0ms
217 timing idealTree:node_modules/react-property Completed in 0ms
218 silly placeDep ROOT react-remove-scroll-bar@2.3.6 OK for: react-remove-scroll@2.5.10 want: ^2.3.6
219 timing idealTree:node_modules/react-remove-scroll Completed in 2ms
220 timing idealTree:node_modules/react-remove-scroll-bar Completed in 0ms
221 silly fetch manifest typescript@^3.2.1 || ^4
222 http fetch GET 200 https://registry.npmjs.org/typescript 724ms (cache miss)
223 silly placeDep ROOT typescript@4.9.5 REPLACE for: react-scripts@5.0.1 want: ^3.2.1 || ^4
224 timing idealTree:node_modules/react-scripts Completed in 786ms
225 silly placeDep ROOT get-nonce@1.0.1 OK for: react-style-singleton@2.2.1 want: ^1.0.0
226 silly placeDep ROOT invariant@2.2.4 OK for: react-style-singleton@2.2.1 want: ^2.2.4
227 timing idealTree:node_modules/react-style-singleton Completed in 2ms
228 timing idealTree:node_modules/get-nonce Completed in 0ms
229 timing idealTree:node_modules/invariant Completed in 0ms
230 silly placeDep ROOT dom-helpers@5.2.1 OK for: react-transition-group@4.4.5 want: ^5.0.1
231 timing idealTree:node_modules/react-transition-group Completed in 1ms
232 timing idealTree:node_modules/dom-helpers Completed in 0ms
233 timing idealTree:node_modules/setimmediate Completed in 0ms
234 silly placeDep ROOT style-to-object@0.3.0 OK for: style-to-js@1.1.1 want: 0.3.0
235 silly fetch manifest inline-style-parser@0.1.1
236 http fetch GET 200 https://registry.npmjs.org/inline-style-parser 21ms (cache stale)
237 timing idealTree:node_modules/style-to-js Completed in 24ms
238 silly placeDep ROOT inline-style-parser@0.1.1 OK for: style-to-object@0.3.0 want: 0.1.1
239 timing idealTree:node_modules/style-to-object Completed in 1ms
240 timing idealTree:node_modules/inline-style-parser Completed in 0ms
241 timing idealTree:node_modules/typescript Completed in 0ms
242 timing idealTree:node_modules/ua-parser-js Completed in 0ms
243 timing idealTree:node_modules/use-callback-ref Completed in 0ms
244 silly placeDep ROOT detect-node-es@1.1.0 OK for: use-sidecar@1.1.2 want: ^1.1.0
245 timing idealTree:node_modules/use-sidecar Completed in 2ms
246 timing idealTree:node_modules/detect-node-es Completed in 0ms
247 timing idealTree:node_modules/fbjs/node_modules/core-js Completed in 0ms
248 timing idealTree:node_modules/fbjs/node_modules/promise Completed in 0ms
249 silly placeDep node_modules/html-dom-parser entities@3.0.1 OK for: htmlparser2@7.2.0 want: ^3.0.1
250 timing idealTree:node_modules/html-dom-parser/node_modules/htmlparser2 Completed in 0ms
251 timing idealTree:node_modules/html-dom-parser/node_modules/entities Completed in 0ms
252 timing idealTree:node_modules/node-fetch/node_modules/is-stream Completed in 0ms
253 silly placeDep ROOT animation-bus@0.2.0 OK for: react-view-pager@0.6.0 want: ^0.2.0
254 silly placeDep ROOT get-prefix@1.0.0 OK for: react-view-pager@0.6.0 want: ^1.0.0
255 silly placeDep ROOT mitt@1.1.3 OK for: react-view-pager@0.6.0 want: 1.1.3
256 silly placeDep node_modules/react-images/node_modules/react-view-pager react-motion@0.5.2 CONFLICT for: react-view-pager@0.6.0 want: ^0.5.0
257 warn ERESOLVE overriding peer dependency {
257 warn ERESOLVE   code: 'ERESOLVE',
257 warn ERESOLVE   edge: {
257 warn ERESOLVE     type: 'peer',
257 warn ERESOLVE     name: 'react',
257 warn ERESOLVE     spec: '^0.14.9 || ^15.3.0 || ^16.0.0',
257 warn ERESOLVE     error: 'INVALID',
257 warn ERESOLVE     from: {
257 warn ERESOLVE       name: 'react-motion',
257 warn ERESOLVE       version: '0.5.2',
257 warn ERESOLVE       location: 'node_modules/react-images/node_modules/react-view-pager/node_modules/react-motion',
257 warn ERESOLVE       isWorkspace: false,
257 warn ERESOLVE       dependents: [Array]
257 warn ERESOLVE     }
257 warn ERESOLVE   },
257 warn ERESOLVE   dep: {
257 warn ERESOLVE     name: 'react',
257 warn ERESOLVE     version: '16.14.0',
257 warn ERESOLVE     whileInstalling: {
257 warn ERESOLVE       name: 'react-view-pager',
257 warn ERESOLVE       version: '0.6.0',
257 warn ERESOLVE       path: 'C:\\Users\\jonat\\OneDrive\\Desktop\\photo-gallery\\node_modules\\react-images\\node_modules\\react-view-pager'
257 warn ERESOLVE     },
257 warn ERESOLVE     location: 'node_modules/react',
257 warn ERESOLVE     isWorkspace: false,
257 warn ERESOLVE     dependents: [ [Object] ]
257 warn ERESOLVE   },
257 warn ERESOLVE   force: true,
257 warn ERESOLVE   isMine: false,
257 warn ERESOLVE   strictPeerDeps: false,
257 warn ERESOLVE   current: {
257 warn ERESOLVE     name: 'react',
257 warn ERESOLVE     version: '18.3.1',
257 warn ERESOLVE     location: 'node_modules/react',
257 warn ERESOLVE     isWorkspace: false,
257 warn ERESOLVE     dependents: [
257 warn ERESOLVE       [Object], [Object],
257 warn ERESOLVE       [Object], [Object],
257 warn ERESOLVE       [Object], [Object],
257 warn ERESOLVE       [Object]
257 warn ERESOLVE     ]
257 warn ERESOLVE   },
257 warn ERESOLVE   peerConflict: {
257 warn ERESOLVE     name: 'react',
257 warn ERESOLVE     version: '18.3.1',
257 warn ERESOLVE     location: 'node_modules/react',
257 warn ERESOLVE     isWorkspace: false,
257 warn ERESOLVE     dependents: [
257 warn ERESOLVE       [Object], [Object],
257 warn ERESOLVE       [Object], [Object],
257 warn ERESOLVE       [Object], [Object],
257 warn ERESOLVE       [Object]
257 warn ERESOLVE     ]
257 warn ERESOLVE   }
257 warn ERESOLVE }
258 silly placeDep ROOT resize-observer-polyfill@1.5.0 OK for: react-view-pager@0.6.0 want: 1.5.0
259 silly placeDep ROOT tabbable@1.1.2 OK for: react-view-pager@0.6.0 want: 1.1.2
260 silly fetch manifest react@^0.14.9 || ^15.3.0 || ^16.0.0
261 silly fetch manifest performance-now@^0.2.0
262 http fetch GET 200 https://registry.npmjs.org/performance-now 43ms (cache stale)
263 timing idealTree:node_modules/react-images/node_modules/react-view-pager Completed in 60ms
264 timing idealTree:node_modules/animation-bus Completed in 0ms
265 timing idealTree:node_modules/get-prefix Completed in 0ms
266 timing idealTree:node_modules/mitt Completed in 0ms
267 timing idealTree:node_modules/resize-observer-polyfill Completed in 0ms
268 timing idealTree:node_modules/tabbable Completed in 0ms
269 silly placeDep node_modules/react-images performance-now@0.2.0 OK for: react-motion@0.5.2 want: ^0.2.0
270 timing idealTree:node_modules/react-images/node_modules/react-view-pager/node_modules/react-motion Completed in 2ms
271 timing idealTree:node_modules/react-images/node_modules/performance-now Completed in 0ms
272 timing idealTree:buildDeps Completed in 2778ms
273 timing idealTree:fixDepFlags Completed in 28ms
274 timing idealTree Completed in 2819ms
275 timing command:ci Completed in 3624ms
276 verbose stack Error: 
276 verbose stack `npm ci` can only install packages when your package.json and package-lock.json or npm-shrinkwrap.json are in sync. Please update your lock file with `npm install` before continuing.
276 verbose stack
276 verbose stack Missing: react-images@1.2.0-beta.7 from lock file
276 verbose stack Missing: a11y-focus-store@1.0.0 from lock file
276 verbose stack Missing: cross-env@7.0.3 from lock file
276 verbose stack Missing: glam@5.0.1 from lock file
276 verbose stack Missing: html-react-parser@1.4.14 from lock file
276 verbose stack Missing: raf-schd@4.0.3 from lock file
276 verbose stack Missing: react-focus-on@3.9.3 from lock file
276 verbose stack Missing: react-full-screen@1.1.1 from lock file
276 verbose stack Missing: react-transition-group@4.4.5 from lock file
276 verbose stack Missing: react-view-pager@0.6.0 from lock file
276 verbose stack Missing: fbjs@0.8.18 from lock file
276 verbose stack Missing: inline-style-prefixer@3.0.8 from lock file
276 verbose stack Missing: core-js@1.2.7 from lock file
276 verbose stack Missing: isomorphic-fetch@2.2.1 from lock file
276 verbose stack Missing: promise@7.3.1 from lock file
276 verbose stack Missing: setimmediate@1.0.5 from lock file
276 verbose stack Missing: ua-parser-js@0.7.38 from lock file
276 verbose stack Missing: html-dom-parser@1.2.0 from lock file
276 verbose stack Missing: react-property@2.0.0 from lock file
276 verbose stack Missing: style-to-js@1.1.1 from lock file
276 verbose stack Missing: htmlparser2@7.2.0 from lock file
276 verbose stack Missing: bowser@1.9.4 from lock file
276 verbose stack Missing: css-in-js-utils@2.0.1 from lock file
276 verbose stack Missing: hyphenate-style-name@1.1.0 from lock file
276 verbose stack Missing: isobject@3.0.1 from lock file
276 verbose stack Missing: node-fetch@1.7.3 from lock file
276 verbose stack Missing: encoding@0.1.13 from lock file
276 verbose stack Missing: is-stream@1.1.0 from lock file
276 verbose stack Missing: aria-hidden@1.2.4 from lock file
276 verbose stack Missing: react-focus-lock@2.13.2 from lock file
276 verbose stack Missing: react-remove-scroll@2.5.10 from lock file
276 verbose stack Missing: react-style-singleton@2.2.1 from lock file
276 verbose stack Missing: use-sidecar@1.1.2 from lock file
276 verbose stack Missing: focus-lock@1.3.5 from lock file
276 verbose stack Missing: react-clientside-effect@1.2.6 from lock file
276 verbose stack Missing: use-callback-ref@1.3.2 from lock file
276 verbose stack Missing: fscreen@1.2.0 from lock file
276 verbose stack Missing: react-remove-scroll-bar@2.3.6 from lock file
276 verbose stack Invalid: lock file's typescript@5.5.4 does not satisfy typescript@4.9.5
276 verbose stack Missing: get-nonce@1.0.1 from lock file
276 verbose stack Missing: invariant@2.2.4 from lock file
276 verbose stack Missing: dom-helpers@5.2.1 from lock file
276 verbose stack Missing: style-to-object@0.3.0 from lock file
276 verbose stack Missing: inline-style-parser@0.1.1 from lock file
276 verbose stack Missing: detect-node-es@1.1.0 from lock file
276 verbose stack Missing: entities@3.0.1 from lock file
276 verbose stack Missing: animation-bus@0.2.0 from lock file
276 verbose stack Missing: get-prefix@1.0.0 from lock file
276 verbose stack Missing: mitt@1.1.3 from lock file
276 verbose stack Missing: react-motion@0.5.2 from lock file
276 verbose stack Missing: resize-observer-polyfill@1.5.0 from lock file
276 verbose stack Missing: tabbable@1.1.2 from lock file
276 verbose stack Missing: performance-now@0.2.0 from lock file
276 verbose stack
276 verbose stack Clean install a project
276 verbose stack
276 verbose stack Usage:
276 verbose stack npm ci
276 verbose stack
276 verbose stack Options:
276 verbose stack [-S|--save|--no-save|--save-prod|--save-dev|--save-optional|--save-peer|--save-bundle]
276 verbose stack [-E|--save-exact] [-g|--global]
276 verbose stack [--install-strategy <hoisted|nested|shallow|linked>] [--legacy-bundling]
276 verbose stack [--global-style] [--omit <dev|optional|peer> [--omit <dev|optional|peer> ...]]
276 verbose stack [--strict-peer-deps] [--no-package-lock] [--foreground-scripts]
276 verbose stack [--ignore-scripts] [--no-audit] [--no-bin-links] [--no-fund] [--dry-run]
276 verbose stack [-w|--workspace <workspace-name> [-w|--workspace <workspace-name> ...]]
276 verbose stack [-ws|--workspaces] [--include-workspace-root] [--install-links]
276 verbose stack
276 verbose stack aliases: clean-install, ic, install-clean, isntall-clean
276 verbose stack
276 verbose stack Run "npm help ci" for more info
276 verbose stack     at CI.usageError (C:\Users\jonat\AppData\Roaming\nvm\v18.16.0\node_modules\npm\lib\base-command.js:101:26)
276 verbose stack     at CI.exec (C:\Users\jonat\AppData\Roaming\nvm\v18.16.0\node_modules\npm\lib\commands\ci.js:55:18)
276 verbose stack     at async module.exports (C:\Users\jonat\AppData\Roaming\nvm\v18.16.0\node_modules\npm\lib\cli.js:134:5)
277 verbose cwd C:\Users\jonat\OneDrive\Desktop\photo-gallery
278 verbose Windows_NT 10.0.22631
279 verbose node v18.16.0
280 verbose npm  v9.5.1
281 error code EUSAGE
282 error
282 error `npm ci` can only install packages when your package.json and package-lock.json or npm-shrinkwrap.json are in sync. Please update your lock file with `npm install` before continuing.
282 error
282 error Missing: react-images@1.2.0-beta.7 from lock file
282 error Missing: a11y-focus-store@1.0.0 from lock file
282 error Missing: cross-env@7.0.3 from lock file
282 error Missing: glam@5.0.1 from lock file
282 error Missing: html-react-parser@1.4.14 from lock file
282 error Missing: raf-schd@4.0.3 from lock file
282 error Missing: react-focus-on@3.9.3 from lock file
282 error Missing: react-full-screen@1.1.1 from lock file
282 error Missing: react-transition-group@4.4.5 from lock file
282 error Missing: react-view-pager@0.6.0 from lock file
282 error Missing: fbjs@0.8.18 from lock file
282 error Missing: inline-style-prefixer@3.0.8 from lock file
282 error Missing: core-js@1.2.7 from lock file
282 error Missing: isomorphic-fetch@2.2.1 from lock file
282 error Missing: promise@7.3.1 from lock file
282 error Missing: setimmediate@1.0.5 from lock file
282 error Missing: ua-parser-js@0.7.38 from lock file
282 error Missing: html-dom-parser@1.2.0 from lock file
282 error Missing: react-property@2.0.0 from lock file
282 error Missing: style-to-js@1.1.1 from lock file
282 error Missing: htmlparser2@7.2.0 from lock file
282 error Missing: bowser@1.9.4 from lock file
282 error Missing: css-in-js-utils@2.0.1 from lock file
282 error Missing: hyphenate-style-name@1.1.0 from lock file
282 error Missing: isobject@3.0.1 from lock file
282 error Missing: node-fetch@1.7.3 from lock file
282 error Missing: encoding@0.1.13 from lock file
282 error Missing: is-stream@1.1.0 from lock file
282 error Missing: aria-hidden@1.2.4 from lock file
282 error Missing: react-focus-lock@2.13.2 from lock file
282 error Missing: react-remove-scroll@2.5.10 from lock file
282 error Missing: react-style-singleton@2.2.1 from lock file
282 error Missing: use-sidecar@1.1.2 from lock file
282 error Missing: focus-lock@1.3.5 from lock file
282 error Missing: react-clientside-effect@1.2.6 from lock file
282 error Missing: use-callback-ref@1.3.2 from lock file
282 error Missing: fscreen@1.2.0 from lock file
282 error Missing: react-remove-scroll-bar@2.3.6 from lock file
282 error Invalid: lock file's typescript@5.5.4 does not satisfy typescript@4.9.5
282 error Missing: get-nonce@1.0.1 from lock file
282 error Missing: invariant@2.2.4 from lock file
282 error Missing: dom-helpers@5.2.1 from lock file
282 error Missing: style-to-object@0.3.0 from lock file
282 error Missing: inline-style-parser@0.1.1 from lock file
282 error Missing: detect-node-es@1.1.0 from lock file
282 error Missing: entities@3.0.1 from lock file
282 error Missing: animation-bus@0.2.0 from lock file
282 error Missing: get-prefix@1.0.0 from lock file
282 error Missing: mitt@1.1.3 from lock file
282 error Missing: react-motion@0.5.2 from lock file
282 error Missing: resize-observer-polyfill@1.5.0 from lock file
282 error Missing: tabbable@1.1.2 from lock file
282 error Missing: performance-now@0.2.0 from lock file
282 error
282 error Clean install a project
282 error
282 error Usage:
282 error npm ci
282 error
282 error Options:
282 error [-S|--save|--no-save|--save-prod|--save-dev|--save-optional|--save-peer|--save-bundle]
282 error [-E|--save-exact] [-g|--global]
282 error [--install-strategy <hoisted|nested|shallow|linked>] [--legacy-bundling]
282 error [--global-style] [--omit <dev|optional|peer> [--omit <dev|optional|peer> ...]]
282 error [--strict-peer-deps] [--no-package-lock] [--foreground-scripts]
282 error [--ignore-scripts] [--no-audit] [--no-bin-links] [--no-fund] [--dry-run]
282 error [-w|--workspace <workspace-name> [-w|--workspace <workspace-name> ...]]
282 error [-ws|--workspaces] [--include-workspace-root] [--install-links]
282 error
282 error aliases: clean-install, ic, install-clean, isntall-clean
282 error
282 error Run "npm help ci" for more info
283 verbose exit 1
284 timing npm Completed in 3902ms
285 verbose code 1
286 error A complete log of this run can be found in:
286 error     C:\Users\jonat\OneDrive\Desktop\photo-gallery\.npm\_logs\2024-09-07T00_12_47_670Z-debug-0.log
