0 verbose cli C:\Program Files\nodejs\node.exe C:\Program Files\nodejs\node_modules\npm\bin\npm-cli.js
1 info using npm@9.5.1
2 info using node@v18.16.0
3 timing npm:load:whichnode Completed in 1ms
4 timing config:load:defaults Completed in 2ms
5 timing config:load:file:C:\Users\jonat\AppData\Roaming\nvm\v18.16.0\node_modules\npm\npmrc Completed in 0ms
6 timing config:load:builtin Completed in 0ms
7 timing config:load:cli Completed in 2ms
8 timing config:load:env Completed in 1ms
9 timing config:load:file:C:\Users\jonat\OneDrive\Desktop\photo-gallery\.npmrc Completed in 0ms
10 timing config:load:project Completed in 5ms
11 timing config:load:file:C:\Users\jonat\.npmrc Completed in 0ms
12 timing config:load:user Completed in 1ms
13 timing config:load:file:C:\Program Files\nodejs\etc\npmrc Completed in 0ms
14 timing config:load:global Completed in 0ms
15 timing config:load:setEnvs Completed in 1ms
16 timing config:load Completed in 12ms
17 timing npm:load:configload Completed in 12ms
18 timing npm:load:mkdirpcache Completed in 0ms
19 timing npm:load:mkdirplogs Completed in 1ms
20 verbose title npm ci
21 verbose argv "ci" "--cache" ".npm" "--prefer-offline" "--legacy-peer-deps"
22 timing npm:load:setTitle Completed in 1ms
23 timing config:load:flatten Completed in 4ms
24 timing npm:load:display Completed in 5ms
25 verbose logfile logs-max:10 dir:C:\Users\jonat\OneDrive\Desktop\photo-gallery\.npm\_logs\2024-09-07T00_18_56_070Z-
26 verbose logfile C:\Users\jonat\OneDrive\Desktop\photo-gallery\.npm\_logs\2024-09-07T00_18_56_070Z-debug-0.log
27 timing npm:load:logFile Completed in 12ms
28 timing npm:load:timers Completed in 0ms
29 timing npm:load:configScope Completed in 0ms
30 timing npm:load Completed in 32ms
31 timing arborist:ctor Completed in 1ms
32 silly logfile done cleaning log files
33 timing idealTree:init Completed in 14ms
34 timing idealTree:userRequests Completed in 1ms
35 silly idealTree buildDeps
36 silly fetch manifest react-images@^1.2.0-beta.7
37 http fetch GET 200 https://registry.npmjs.org/react-images 22ms (cache stale)
38 silly placeDep ROOT react-images@1.2.0-beta.7 OK for: photo-gallery@0.1.0 want: ^1.2.0-beta.7
39 silly fetch manifest a11y-focus-store@^1.0.0
40 silly fetch manifest cross-env@^7.0.3
41 silly fetch manifest glam@^5.0.1
42 silly fetch manifest html-react-parser@^1.2.4
43 silly fetch manifest raf-schd@^4.0.2
44 silly fetch manifest react-focus-on@^3.5.1
45 silly fetch manifest react-full-screen@^1.0.1
46 silly fetch manifest react-transition-group@^4.4.1
47 silly fetch manifest react-view-pager@^0.6.0
48 http fetch GET 200 https://registry.npmjs.org/glam 51ms (cache stale)
49 http fetch GET 200 https://registry.npmjs.org/html-react-parser 52ms (cache stale)
50 http fetch GET 200 https://registry.npmjs.org/react-focus-on 56ms (cache stale)
51 http fetch GET 200 https://registry.npmjs.org/a11y-focus-store 59ms (cache stale)
52 http fetch GET 200 https://registry.npmjs.org/cross-env 60ms (cache stale)
53 http fetch GET 200 https://registry.npmjs.org/raf-schd 60ms (cache stale)
54 http fetch GET 200 https://registry.npmjs.org/react-transition-group 59ms (cache stale)
55 http fetch GET 200 https://registry.npmjs.org/react-view-pager 59ms (cache stale)
56 http fetch GET 200 https://registry.npmjs.org/react-full-screen 61ms (cache stale)
57 timing idealTree:#root Completed in 98ms
58 silly placeDep ROOT a11y-focus-store@1.0.0 OK for: react-images@1.2.0-beta.7 want: ^1.0.0
59 silly placeDep ROOT cross-env@7.0.3 OK for: react-images@1.2.0-beta.7 want: ^7.0.3
60 silly placeDep ROOT glam@5.0.1 OK for: react-images@1.2.0-beta.7 want: ^5.0.1
61 silly placeDep ROOT html-react-parser@1.4.14 OK for: react-images@1.2.0-beta.7 want: ^1.2.4
62 silly placeDep ROOT raf-schd@4.0.3 OK for: react-images@1.2.0-beta.7 want: ^4.0.2
63 silly placeDep ROOT react-focus-on@3.9.3 OK for: react-images@1.2.0-beta.7 want: ^3.5.1
64 silly placeDep ROOT react-full-screen@1.1.1 OK for: react-images@1.2.0-beta.7 want: ^1.0.1
65 silly placeDep ROOT react-transition-group@4.4.5 OK for: react-images@1.2.0-beta.7 want: ^4.4.1
66 silly placeDep ROOT react-view-pager@0.6.0 OK for: react-images@1.2.0-beta.7 want: ^0.6.0
67 silly fetch manifest fbjs@^0.8.16
68 silly fetch manifest inline-style-prefixer@^3.0.8
69 silly fetch manifest style-to-js@1.1.1
70 silly fetch manifest react-property@2.0.0
71 silly fetch manifest html-dom-parser@1.2.0
72 silly fetch manifest aria-hidden@^1.2.2
73 silly fetch manifest react-focus-lock@^2.11.3
74 silly fetch manifest react-remove-scroll@^2.5.7
75 silly fetch manifest react-style-singleton@^2.2.1
76 silly fetch manifest use-sidecar@^1.1.2
77 silly fetch manifest fscreen@^1.0.2
78 silly fetch manifest dom-helpers@^5.0.1
79 silly fetch manifest animation-bus@^0.2.0
80 silly fetch manifest get-prefix@^1.0.0
81 silly fetch manifest mitt@1.1.3
82 silly fetch manifest react-motion@^0.5.0
83 silly fetch manifest resize-observer-polyfill@1.5.0
84 silly fetch manifest tabbable@1.1.2
85 http fetch GET 200 https://registry.npmjs.org/react-property 60ms (cache stale)
86 http fetch GET 200 https://registry.npmjs.org/html-dom-parser 62ms (cache stale)
87 http fetch GET 200 https://registry.npmjs.org/inline-style-prefixer 65ms (cache stale)
88 http fetch GET 200 https://registry.npmjs.org/aria-hidden 68ms (cache stale)
89 http fetch GET 200 https://registry.npmjs.org/fbjs 72ms (cache stale)
90 http fetch GET 200 https://registry.npmjs.org/fscreen 72ms (cache stale)
91 http fetch GET 200 https://registry.npmjs.org/style-to-js 75ms (cache stale)
92 http fetch GET 200 https://registry.npmjs.org/react-remove-scroll 75ms (cache stale)
93 http fetch GET 200 https://registry.npmjs.org/react-style-singleton 76ms (cache stale)
94 http fetch GET 200 https://registry.npmjs.org/react-focus-lock 81ms (cache stale)
95 http fetch GET 200 https://registry.npmjs.org/use-sidecar 89ms (cache stale)
96 http fetch GET 200 https://registry.npmjs.org/dom-helpers 91ms (cache stale)
97 http fetch GET 200 https://registry.npmjs.org/animation-bus 91ms (cache stale)
98 http fetch GET 200 https://registry.npmjs.org/get-prefix 90ms (cache stale)
99 http fetch GET 200 https://registry.npmjs.org/react-motion 90ms (cache stale)
100 http fetch GET 200 https://registry.npmjs.org/mitt 92ms (cache stale)
101 http fetch GET 200 https://registry.npmjs.org/resize-observer-polyfill 92ms (cache stale)
102 http fetch GET 200 https://registry.npmjs.org/tabbable 91ms (cache stale)
103 timing idealTree:node_modules/react-images Completed in 110ms
104 timing idealTree:node_modules/a11y-focus-store Completed in 0ms
105 timing idealTree:node_modules/cross-env Completed in 0ms
106 silly placeDep ROOT fbjs@0.8.18 OK for: glam@5.0.1 want: ^0.8.16
107 silly placeDep ROOT inline-style-prefixer@3.0.8 OK for: glam@5.0.1 want: ^3.0.8
108 silly fetch manifest core-js@^1.0.0
109 silly fetch manifest isomorphic-fetch@^2.1.1
110 silly fetch manifest promise@^7.1.1
111 silly fetch manifest setimmediate@^1.0.5
112 silly fetch manifest ua-parser-js@^0.7.30
113 silly fetch manifest bowser@^1.7.3
114 silly fetch manifest css-in-js-utils@^2.0.0
115 http fetch GET 200 https://registry.npmjs.org/promise 26ms (cache stale)
116 http fetch GET 200 https://registry.npmjs.org/isomorphic-fetch 29ms (cache stale)
117 http fetch GET 200 https://registry.npmjs.org/core-js 32ms (cache stale)
118 http fetch GET 200 https://registry.npmjs.org/ua-parser-js 38ms (cache stale)
119 http fetch GET 200 https://registry.npmjs.org/bowser 57ms (cache stale)
120 http fetch GET 200 https://registry.npmjs.org/css-in-js-utils 62ms (cache stale)
121 http fetch GET 200 https://registry.npmjs.org/setimmediate 65ms (cache stale)
122 timing idealTree:node_modules/glam Completed in 72ms
123 silly placeDep node_modules/fbjs core-js@1.2.7 OK for: fbjs@0.8.18 want: ^1.0.0
124 silly placeDep ROOT isomorphic-fetch@2.2.1 OK for: fbjs@0.8.18 want: ^2.1.1
125 silly placeDep node_modules/fbjs promise@7.3.1 OK for: fbjs@0.8.18 want: ^7.1.1
126 silly placeDep ROOT setimmediate@1.0.5 OK for: fbjs@0.8.18 want: ^1.0.5
127 silly placeDep ROOT ua-parser-js@0.7.38 OK for: fbjs@0.8.18 want: ^0.7.30
128 silly fetch manifest node-fetch@^1.0.1
129 http fetch GET 200 https://registry.npmjs.org/node-fetch 9ms (cache stale)
130 timing idealTree:node_modules/fbjs Completed in 21ms
131 silly placeDep ROOT html-dom-parser@1.2.0 OK for: html-react-parser@1.4.14 want: 1.2.0
132 silly placeDep ROOT react-property@2.0.0 OK for: html-react-parser@1.4.14 want: 2.0.0
133 silly placeDep ROOT style-to-js@1.1.1 OK for: html-react-parser@1.4.14 want: 1.1.1
134 silly fetch manifest htmlparser2@7.2.0
135 silly fetch manifest style-to-object@0.3.0
136 http fetch GET 200 https://registry.npmjs.org/style-to-object 11ms (cache stale)
137 http fetch GET 200 https://registry.npmjs.org/htmlparser2 13ms (cache stale)
138 timing idealTree:node_modules/html-react-parser Completed in 21ms
139 silly placeDep node_modules/html-dom-parser htmlparser2@7.2.0 OK for: html-dom-parser@1.2.0 want: 7.2.0
140 silly fetch manifest entities@^3.0.1
141 http fetch GET 200 https://registry.npmjs.org/entities 8ms (cache stale)
142 timing idealTree:node_modules/html-dom-parser Completed in 10ms
143 silly placeDep ROOT bowser@1.9.4 OK for: inline-style-prefixer@3.0.8 want: ^1.7.3
144 silly placeDep ROOT css-in-js-utils@2.0.1 OK for: inline-style-prefixer@3.0.8 want: ^2.0.0
145 silly fetch manifest hyphenate-style-name@^1.0.2
146 silly fetch manifest isobject@^3.0.1
147 http fetch GET 200 https://registry.npmjs.org/isobject 11ms (cache stale)
148 http fetch GET 200 https://registry.npmjs.org/hyphenate-style-name 13ms (cache stale)
149 timing idealTree:node_modules/inline-style-prefixer Completed in 20ms
150 timing idealTree:node_modules/bowser Completed in 0ms
151 silly placeDep ROOT hyphenate-style-name@1.1.0 OK for: css-in-js-utils@2.0.1 want: ^1.0.2
152 silly placeDep ROOT isobject@3.0.1 OK for: css-in-js-utils@2.0.1 want: ^3.0.1
153 timing idealTree:node_modules/css-in-js-utils Completed in 3ms
154 timing idealTree:node_modules/hyphenate-style-name Completed in 0ms
155 timing idealTree:node_modules/isobject Completed in 0ms
156 silly placeDep ROOT node-fetch@1.7.3 OK for: isomorphic-fetch@2.2.1 want: ^1.0.1
157 silly fetch manifest encoding@^0.1.11
158 silly fetch manifest is-stream@^1.0.1
159 http fetch GET 200 https://registry.npmjs.org/is-stream 15ms (cache stale)
160 http fetch GET 200 https://registry.npmjs.org/encoding 19ms (cache stale)
161 timing idealTree:node_modules/isomorphic-fetch Completed in 22ms
162 silly placeDep ROOT encoding@0.1.13 OK for: node-fetch@1.7.3 want: ^0.1.11
163 silly placeDep node_modules/node-fetch is-stream@1.1.0 OK for: node-fetch@1.7.3 want: ^1.0.1
164 timing idealTree:node_modules/node-fetch Completed in 2ms
165 timing idealTree:node_modules/encoding Completed in 0ms
166 timing idealTree:node_modules/raf-schd Completed in 0ms
167 silly placeDep ROOT aria-hidden@1.2.4 OK for: react-focus-on@3.9.3 want: ^1.2.2
168 silly placeDep ROOT react-focus-lock@2.13.2 OK for: react-focus-on@3.9.3 want: ^2.11.3
169 silly placeDep ROOT react-remove-scroll@2.5.10 OK for: react-focus-on@3.9.3 want: ^2.5.7
170 silly placeDep ROOT react-style-singleton@2.2.1 OK for: react-focus-on@3.9.3 want: ^2.2.1
171 silly placeDep ROOT use-sidecar@1.1.2 OK for: react-focus-on@3.9.3 want: ^1.1.2
172 silly fetch manifest focus-lock@^1.3.5
173 silly fetch manifest react-clientside-effect@^1.2.6
174 silly fetch manifest use-callback-ref@^1.3.2
175 silly fetch manifest react-remove-scroll-bar@^2.3.6
176 silly fetch manifest use-callback-ref@^1.3.0
177 silly fetch manifest get-nonce@^1.0.0
178 silly fetch manifest invariant@^2.2.4
179 silly fetch manifest detect-node-es@^1.1.0
180 http fetch GET 200 https://registry.npmjs.org/react-remove-scroll-bar 52ms (cache stale)
181 http fetch GET 200 https://registry.npmjs.org/react-clientside-effect 54ms (cache stale)
182 http fetch GET 200 https://registry.npmjs.org/focus-lock 56ms (cache stale)
183 http fetch GET 200 https://registry.npmjs.org/detect-node-es 59ms (cache stale)
184 http fetch GET 200 https://registry.npmjs.org/get-nonce 65ms (cache stale)
185 http fetch GET 200 https://registry.npmjs.org/invariant 77ms (cache stale)
186 http fetch GET 200 https://registry.npmjs.org/use-callback-ref 86ms (cache stale)
187 http fetch GET 200 https://registry.npmjs.org/use-callback-ref 89ms (cache stale)
188 timing idealTree:node_modules/react-focus-on Completed in 102ms
189 timing idealTree:node_modules/aria-hidden Completed in 1ms
190 silly placeDep ROOT focus-lock@1.3.5 OK for: react-focus-lock@2.13.2 want: ^1.3.5
191 silly placeDep ROOT react-clientside-effect@1.2.6 OK for: react-focus-lock@2.13.2 want: ^1.2.6
192 silly placeDep ROOT use-callback-ref@1.3.2 OK for: react-focus-lock@2.13.2 want: ^1.3.2
193 timing idealTree:node_modules/react-focus-lock Completed in 6ms
194 timing idealTree:node_modules/focus-lock Completed in 0ms
195 timing idealTree:node_modules/react-clientside-effect Completed in 0ms
196 silly placeDep ROOT fscreen@1.2.0 OK for: react-full-screen@1.1.1 want: ^1.0.2
197 timing idealTree:node_modules/react-full-screen Completed in 1ms
198 timing idealTree:node_modules/fscreen Completed in 0ms
199 timing idealTree:node_modules/react-property Completed in 0ms
200 silly placeDep ROOT react-remove-scroll-bar@2.3.6 OK for: react-remove-scroll@2.5.10 want: ^2.3.6
201 timing idealTree:node_modules/react-remove-scroll Completed in 2ms
202 timing idealTree:node_modules/react-remove-scroll-bar Completed in 0ms
203 silly placeDep ROOT get-nonce@1.0.1 OK for: react-style-singleton@2.2.1 want: ^1.0.0
204 silly placeDep ROOT invariant@2.2.4 OK for: react-style-singleton@2.2.1 want: ^2.2.4
205 timing idealTree:node_modules/react-style-singleton Completed in 4ms
206 timing idealTree:node_modules/get-nonce Completed in 0ms
207 timing idealTree:node_modules/invariant Completed in 0ms
208 silly placeDep ROOT dom-helpers@5.2.1 OK for: react-transition-group@4.4.5 want: ^5.0.1
209 timing idealTree:node_modules/react-transition-group Completed in 2ms
210 timing idealTree:node_modules/dom-helpers Completed in 1ms
211 silly placeDep ROOT animation-bus@0.2.0 OK for: react-view-pager@0.6.0 want: ^0.2.0
212 silly placeDep ROOT get-prefix@1.0.0 OK for: react-view-pager@0.6.0 want: ^1.0.0
213 silly placeDep ROOT mitt@1.1.3 OK for: react-view-pager@0.6.0 want: 1.1.3
214 silly placeDep ROOT react-motion@0.5.2 OK for: react-view-pager@0.6.0 want: ^0.5.0
215 silly placeDep ROOT resize-observer-polyfill@1.5.0 OK for: react-view-pager@0.6.0 want: 1.5.0
216 silly placeDep ROOT tabbable@1.1.2 OK for: react-view-pager@0.6.0 want: 1.1.2
217 silly fetch manifest performance-now@^0.2.0
218 http fetch GET 200 https://registry.npmjs.org/performance-now 15ms (cache stale)
219 timing idealTree:node_modules/react-view-pager Completed in 33ms
220 timing idealTree:node_modules/animation-bus Completed in 0ms
221 timing idealTree:node_modules/get-prefix Completed in 0ms
222 timing idealTree:node_modules/mitt Completed in 0ms
223 silly placeDep node_modules/react-motion performance-now@0.2.0 OK for: react-motion@0.5.2 want: ^0.2.0
224 timing idealTree:node_modules/react-motion Completed in 2ms
225 timing idealTree:node_modules/resize-observer-polyfill Completed in 0ms
226 timing idealTree:node_modules/setimmediate Completed in 0ms
227 silly placeDep ROOT style-to-object@0.3.0 OK for: style-to-js@1.1.1 want: 0.3.0
228 silly fetch manifest inline-style-parser@0.1.1
229 http fetch GET 200 https://registry.npmjs.org/inline-style-parser 12ms (cache stale)
230 timing idealTree:node_modules/style-to-js Completed in 17ms
231 silly placeDep ROOT inline-style-parser@0.1.1 OK for: style-to-object@0.3.0 want: 0.1.1
232 timing idealTree:node_modules/style-to-object Completed in 1ms
233 timing idealTree:node_modules/inline-style-parser Completed in 0ms
234 timing idealTree:node_modules/tabbable Completed in 0ms
235 timing idealTree:node_modules/ua-parser-js Completed in 0ms
236 timing idealTree:node_modules/use-callback-ref Completed in 0ms
237 silly placeDep ROOT detect-node-es@1.1.0 OK for: use-sidecar@1.1.2 want: ^1.1.0
238 timing idealTree:node_modules/use-sidecar Completed in 2ms
239 timing idealTree:node_modules/detect-node-es Completed in 0ms
240 timing idealTree:node_modules/fbjs/node_modules/core-js Completed in 0ms
241 timing idealTree:node_modules/fbjs/node_modules/promise Completed in 0ms
242 silly placeDep node_modules/html-dom-parser entities@3.0.1 OK for: htmlparser2@7.2.0 want: ^3.0.1
243 timing idealTree:node_modules/html-dom-parser/node_modules/htmlparser2 Completed in 0ms
244 timing idealTree:node_modules/html-dom-parser/node_modules/entities Completed in 0ms
245 timing idealTree:node_modules/node-fetch/node_modules/is-stream Completed in 0ms
246 timing idealTree:node_modules/react-motion/node_modules/performance-now Completed in 0ms
247 timing idealTree:buildDeps Completed in 561ms
248 timing idealTree:fixDepFlags Completed in 7ms
249 timing idealTree Completed in 594ms
250 timing command:ci Completed in 1376ms
251 verbose stack Error: 
251 verbose stack `npm ci` can only install packages when your package.json and package-lock.json or npm-shrinkwrap.json are in sync. Please update your lock file with `npm install` before continuing.
251 verbose stack
251 verbose stack Missing: react-images@1.2.0-beta.7 from lock file
251 verbose stack Missing: a11y-focus-store@1.0.0 from lock file
251 verbose stack Missing: cross-env@7.0.3 from lock file
251 verbose stack Missing: glam@5.0.1 from lock file
251 verbose stack Missing: html-react-parser@1.4.14 from lock file
251 verbose stack Missing: raf-schd@4.0.3 from lock file
251 verbose stack Missing: react-focus-on@3.9.3 from lock file
251 verbose stack Missing: react-full-screen@1.1.1 from lock file
251 verbose stack Missing: react-transition-group@4.4.5 from lock file
251 verbose stack Missing: react-view-pager@0.6.0 from lock file
251 verbose stack Missing: fbjs@0.8.18 from lock file
251 verbose stack Missing: inline-style-prefixer@3.0.8 from lock file
251 verbose stack Missing: core-js@1.2.7 from lock file
251 verbose stack Missing: isomorphic-fetch@2.2.1 from lock file
251 verbose stack Missing: promise@7.3.1 from lock file
251 verbose stack Missing: setimmediate@1.0.5 from lock file
251 verbose stack Missing: ua-parser-js@0.7.38 from lock file
251 verbose stack Missing: html-dom-parser@1.2.0 from lock file
251 verbose stack Missing: react-property@2.0.0 from lock file
251 verbose stack Missing: style-to-js@1.1.1 from lock file
251 verbose stack Missing: htmlparser2@7.2.0 from lock file
251 verbose stack Missing: bowser@1.9.4 from lock file
251 verbose stack Missing: css-in-js-utils@2.0.1 from lock file
251 verbose stack Missing: hyphenate-style-name@1.1.0 from lock file
251 verbose stack Missing: isobject@3.0.1 from lock file
251 verbose stack Missing: node-fetch@1.7.3 from lock file
251 verbose stack Missing: encoding@0.1.13 from lock file
251 verbose stack Missing: is-stream@1.1.0 from lock file
251 verbose stack Missing: aria-hidden@1.2.4 from lock file
251 verbose stack Missing: react-focus-lock@2.13.2 from lock file
251 verbose stack Missing: react-remove-scroll@2.5.10 from lock file
251 verbose stack Missing: react-style-singleton@2.2.1 from lock file
251 verbose stack Missing: use-sidecar@1.1.2 from lock file
251 verbose stack Missing: focus-lock@1.3.5 from lock file
251 verbose stack Missing: react-clientside-effect@1.2.6 from lock file
251 verbose stack Missing: use-callback-ref@1.3.2 from lock file
251 verbose stack Missing: fscreen@1.2.0 from lock file
251 verbose stack Missing: react-remove-scroll-bar@2.3.6 from lock file
251 verbose stack Missing: get-nonce@1.0.1 from lock file
251 verbose stack Missing: invariant@2.2.4 from lock file
251 verbose stack Missing: dom-helpers@5.2.1 from lock file
251 verbose stack Missing: animation-bus@0.2.0 from lock file
251 verbose stack Missing: get-prefix@1.0.0 from lock file
251 verbose stack Missing: mitt@1.1.3 from lock file
251 verbose stack Missing: react-motion@0.5.2 from lock file
251 verbose stack Missing: resize-observer-polyfill@1.5.0 from lock file
251 verbose stack Missing: tabbable@1.1.2 from lock file
251 verbose stack Missing: performance-now@0.2.0 from lock file
251 verbose stack Missing: style-to-object@0.3.0 from lock file
251 verbose stack Missing: inline-style-parser@0.1.1 from lock file
251 verbose stack Missing: detect-node-es@1.1.0 from lock file
251 verbose stack Missing: entities@3.0.1 from lock file
251 verbose stack
251 verbose stack Clean install a project
251 verbose stack
251 verbose stack Usage:
251 verbose stack npm ci
251 verbose stack
251 verbose stack Options:
251 verbose stack [-S|--save|--no-save|--save-prod|--save-dev|--save-optional|--save-peer|--save-bundle]
251 verbose stack [-E|--save-exact] [-g|--global]
251 verbose stack [--install-strategy <hoisted|nested|shallow|linked>] [--legacy-bundling]
251 verbose stack [--global-style] [--omit <dev|optional|peer> [--omit <dev|optional|peer> ...]]
251 verbose stack [--strict-peer-deps] [--no-package-lock] [--foreground-scripts]
251 verbose stack [--ignore-scripts] [--no-audit] [--no-bin-links] [--no-fund] [--dry-run]
251 verbose stack [-w|--workspace <workspace-name> [-w|--workspace <workspace-name> ...]]
251 verbose stack [-ws|--workspaces] [--include-workspace-root] [--install-links]
251 verbose stack
251 verbose stack aliases: clean-install, ic, install-clean, isntall-clean
251 verbose stack
251 verbose stack Run "npm help ci" for more info
251 verbose stack     at CI.usageError (C:\Users\jonat\AppData\Roaming\nvm\v18.16.0\node_modules\npm\lib\base-command.js:101:26)
251 verbose stack     at CI.exec (C:\Users\jonat\AppData\Roaming\nvm\v18.16.0\node_modules\npm\lib\commands\ci.js:55:18)
251 verbose stack     at async module.exports (C:\Users\jonat\AppData\Roaming\nvm\v18.16.0\node_modules\npm\lib\cli.js:134:5)
252 verbose cwd C:\Users\jonat\OneDrive\Desktop\photo-gallery
253 verbose Windows_NT 10.0.22631
254 verbose node v18.16.0
255 verbose npm  v9.5.1
256 error code EUSAGE
257 error
257 error `npm ci` can only install packages when your package.json and package-lock.json or npm-shrinkwrap.json are in sync. Please update your lock file with `npm install` before continuing.
257 error
257 error Missing: react-images@1.2.0-beta.7 from lock file
257 error Missing: a11y-focus-store@1.0.0 from lock file
257 error Missing: cross-env@7.0.3 from lock file
257 error Missing: glam@5.0.1 from lock file
257 error Missing: html-react-parser@1.4.14 from lock file
257 error Missing: raf-schd@4.0.3 from lock file
257 error Missing: react-focus-on@3.9.3 from lock file
257 error Missing: react-full-screen@1.1.1 from lock file
257 error Missing: react-transition-group@4.4.5 from lock file
257 error Missing: react-view-pager@0.6.0 from lock file
257 error Missing: fbjs@0.8.18 from lock file
257 error Missing: inline-style-prefixer@3.0.8 from lock file
257 error Missing: core-js@1.2.7 from lock file
257 error Missing: isomorphic-fetch@2.2.1 from lock file
257 error Missing: promise@7.3.1 from lock file
257 error Missing: setimmediate@1.0.5 from lock file
257 error Missing: ua-parser-js@0.7.38 from lock file
257 error Missing: html-dom-parser@1.2.0 from lock file
257 error Missing: react-property@2.0.0 from lock file
257 error Missing: style-to-js@1.1.1 from lock file
257 error Missing: htmlparser2@7.2.0 from lock file
257 error Missing: bowser@1.9.4 from lock file
257 error Missing: css-in-js-utils@2.0.1 from lock file
257 error Missing: hyphenate-style-name@1.1.0 from lock file
257 error Missing: isobject@3.0.1 from lock file
257 error Missing: node-fetch@1.7.3 from lock file
257 error Missing: encoding@0.1.13 from lock file
257 error Missing: is-stream@1.1.0 from lock file
257 error Missing: aria-hidden@1.2.4 from lock file
257 error Missing: react-focus-lock@2.13.2 from lock file
257 error Missing: react-remove-scroll@2.5.10 from lock file
257 error Missing: react-style-singleton@2.2.1 from lock file
257 error Missing: use-sidecar@1.1.2 from lock file
257 error Missing: focus-lock@1.3.5 from lock file
257 error Missing: react-clientside-effect@1.2.6 from lock file
257 error Missing: use-callback-ref@1.3.2 from lock file
257 error Missing: fscreen@1.2.0 from lock file
257 error Missing: react-remove-scroll-bar@2.3.6 from lock file
257 error Missing: get-nonce@1.0.1 from lock file
257 error Missing: invariant@2.2.4 from lock file
257 error Missing: dom-helpers@5.2.1 from lock file
257 error Missing: animation-bus@0.2.0 from lock file
257 error Missing: get-prefix@1.0.0 from lock file
257 error Missing: mitt@1.1.3 from lock file
257 error Missing: react-motion@0.5.2 from lock file
257 error Missing: resize-observer-polyfill@1.5.0 from lock file
257 error Missing: tabbable@1.1.2 from lock file
257 error Missing: performance-now@0.2.0 from lock file
257 error Missing: style-to-object@0.3.0 from lock file
257 error Missing: inline-style-parser@0.1.1 from lock file
257 error Missing: detect-node-es@1.1.0 from lock file
257 error Missing: entities@3.0.1 from lock file
257 error
257 error Clean install a project
257 error
257 error Usage:
257 error npm ci
257 error
257 error Options:
257 error [-S|--save|--no-save|--save-prod|--save-dev|--save-optional|--save-peer|--save-bundle]
257 error [-E|--save-exact] [-g|--global]
257 error [--install-strategy <hoisted|nested|shallow|linked>] [--legacy-bundling]
257 error [--global-style] [--omit <dev|optional|peer> [--omit <dev|optional|peer> ...]]
257 error [--strict-peer-deps] [--no-package-lock] [--foreground-scripts]
257 error [--ignore-scripts] [--no-audit] [--no-bin-links] [--no-fund] [--dry-run]
257 error [-w|--workspace <workspace-name> [-w|--workspace <workspace-name> ...]]
257 error [-ws|--workspaces] [--include-workspace-root] [--install-links]
257 error
257 error aliases: clean-install, ic, install-clean, isntall-clean
257 error
257 error Run "npm help ci" for more info
258 verbose exit 1
259 timing npm Completed in 1467ms
260 verbose code 1
261 error A complete log of this run can be found in:
261 error     C:\Users\jonat\OneDrive\Desktop\photo-gallery\.npm\_logs\2024-09-07T00_18_56_070Z-debug-0.log
