0 verbose cli C:\Program Files\nodejs\node.exe C:\Program Files\nodejs\node_modules\npm\bin\npm-cli.js
1 info using npm@9.5.1
2 info using node@v18.16.0
3 timing npm:load:whichnode Completed in 1ms
4 timing config:load:defaults Completed in 1ms
5 timing config:load:file:C:\Users\jonat\AppData\Roaming\nvm\v18.16.0\node_modules\npm\npmrc Completed in 0ms
6 timing config:load:builtin Completed in 0ms
7 timing config:load:cli Completed in 2ms
8 timing config:load:env Completed in 1ms
9 timing config:load:file:C:\Users\jonat\OneDrive\Desktop\photo-gallery\.npmrc Completed in 1ms
10 timing config:load:project Completed in 5ms
11 timing config:load:file:C:\Users\jonat\.npmrc Completed in 0ms
12 timing config:load:user Completed in 0ms
13 timing config:load:file:C:\Program Files\nodejs\etc\npmrc Completed in 0ms
14 timing config:load:global Completed in 0ms
15 timing config:load:setEnvs Completed in 1ms
16 timing config:load Completed in 10ms
17 timing npm:load:configload Completed in 10ms
18 timing npm:load:mkdirpcache Completed in 1ms
19 timing npm:load:mkdirplogs Completed in 1ms
20 verbose title npm ci
21 verbose argv "ci" "--cache" ".npm" "--prefer-offline" "--legacy-peer-deps"
22 timing npm:load:setTitle Completed in 1ms
23 timing config:load:flatten Completed in 3ms
24 timing npm:load:display Completed in 3ms
25 verbose logfile logs-max:10 dir:C:\Users\jonat\OneDrive\Desktop\photo-gallery\.npm\_logs\2024-09-06T19_09_36_361Z-
26 verbose logfile C:\Users\jonat\OneDrive\Desktop\photo-gallery\.npm\_logs\2024-09-06T19_09_36_361Z-debug-0.log
27 timing npm:load:logFile Completed in 6ms
28 timing npm:load:timers Completed in 0ms
29 timing npm:load:configScope Completed in 0ms
30 timing npm:load Completed in 24ms
31 timing arborist:ctor Completed in 1ms
32 silly logfile done cleaning log files
33 timing idealTree:init Completed in 10ms
34 timing idealTree:userRequests Completed in 0ms
35 silly idealTree buildDeps
36 silly fetch manifest react-images@^1.2.0-beta.7
37 http fetch GET 200 https://registry.npmjs.org/npm 1125ms (cache miss)
38 http fetch GET 200 https://registry.npmjs.org/react-images 316ms (cache miss)
39 silly placeDep ROOT react-images@1.2.0-beta.7 OK for: photo-gallery@0.1.0 want: ^1.2.0-beta.7
40 silly fetch manifest a11y-focus-store@^1.0.0
41 silly fetch manifest cross-env@^7.0.3
42 silly fetch manifest glam@^5.0.1
43 silly fetch manifest html-react-parser@^1.2.4
44 silly fetch manifest raf-schd@^4.0.2
45 silly fetch manifest react-focus-on@^3.5.1
46 silly fetch manifest react-full-screen@^1.0.1
47 silly fetch manifest react-transition-group@^4.4.1
48 silly fetch manifest react-view-pager@^0.6.0
49 http fetch GET 200 https://registry.npmjs.org/cross-env 87ms (cache miss)
50 http fetch GET 200 https://registry.npmjs.org/raf-schd 174ms (cache miss)
51 http fetch GET 200 https://registry.npmjs.org/glam 178ms (cache miss)
52 http fetch GET 200 https://registry.npmjs.org/a11y-focus-store 184ms (cache miss)
53 http fetch GET 200 https://registry.npmjs.org/react-transition-group 185ms (cache miss)
54 http fetch GET 200 https://registry.npmjs.org/html-react-parser 189ms (cache miss)
55 http fetch GET 200 https://registry.npmjs.org/react-full-screen 228ms (cache miss)
56 http fetch GET 200 https://registry.npmjs.org/react-focus-on 231ms (cache miss)
57 http fetch GET 200 https://registry.npmjs.org/react-view-pager 245ms (cache miss)
58 timing idealTree:#root Completed in 575ms
59 silly placeDep ROOT a11y-focus-store@1.0.0 OK for: react-images@1.2.0-beta.7 want: ^1.0.0
60 silly placeDep ROOT cross-env@7.0.3 OK for: react-images@1.2.0-beta.7 want: ^7.0.3
61 silly placeDep ROOT glam@5.0.1 OK for: react-images@1.2.0-beta.7 want: ^5.0.1
62 silly placeDep ROOT html-react-parser@1.4.14 OK for: react-images@1.2.0-beta.7 want: ^1.2.4
63 silly placeDep ROOT raf-schd@4.0.3 OK for: react-images@1.2.0-beta.7 want: ^4.0.2
64 silly placeDep ROOT react-focus-on@3.9.3 OK for: react-images@1.2.0-beta.7 want: ^3.5.1
65 silly placeDep ROOT react-full-screen@1.1.1 OK for: react-images@1.2.0-beta.7 want: ^1.0.1
66 silly placeDep ROOT react-transition-group@4.4.5 OK for: react-images@1.2.0-beta.7 want: ^4.4.1
67 silly placeDep ROOT react-view-pager@0.6.0 OK for: react-images@1.2.0-beta.7 want: ^0.6.0
68 silly fetch manifest fbjs@^0.8.16
69 silly fetch manifest inline-style-prefixer@^3.0.8
70 silly fetch manifest style-to-js@1.1.1
71 silly fetch manifest react-property@2.0.0
72 silly fetch manifest html-dom-parser@1.2.0
73 silly fetch manifest aria-hidden@^1.2.2
74 silly fetch manifest react-focus-lock@^2.11.3
75 silly fetch manifest react-remove-scroll@^2.5.7
76 silly fetch manifest react-style-singleton@^2.2.1
77 silly fetch manifest use-sidecar@^1.1.2
78 silly fetch manifest fscreen@^1.0.2
79 silly fetch manifest dom-helpers@^5.0.1
80 silly fetch manifest animation-bus@^0.2.0
81 silly fetch manifest get-prefix@^1.0.0
82 silly fetch manifest mitt@1.1.3
83 silly fetch manifest react-motion@^0.5.0
84 silly fetch manifest resize-observer-polyfill@1.5.0
85 silly fetch manifest tabbable@1.1.2
86 http fetch GET 200 https://registry.npmjs.org/react-style-singleton 109ms (cache miss)
87 http fetch GET 200 https://registry.npmjs.org/fbjs 131ms (cache miss)
88 http fetch GET 200 https://registry.npmjs.org/aria-hidden 134ms (cache miss)
89 http fetch GET 200 https://registry.npmjs.org/react-property 138ms (cache miss)
90 http fetch GET 200 https://registry.npmjs.org/react-remove-scroll 140ms (cache miss)
91 http fetch GET 200 https://registry.npmjs.org/html-dom-parser 145ms (cache miss)
92 http fetch GET 200 https://registry.npmjs.org/style-to-js 176ms (cache miss)
93 http fetch GET 200 https://registry.npmjs.org/react-focus-lock 177ms (cache miss)
94 http fetch GET 200 https://registry.npmjs.org/inline-style-prefixer 188ms (cache miss)
95 http fetch GET 200 https://registry.npmjs.org/resize-observer-polyfill 405ms (cache miss)
96 http fetch GET 200 https://registry.npmjs.org/tabbable 412ms (cache miss)
97 http fetch GET 200 https://registry.npmjs.org/use-sidecar 470ms (cache miss)
98 http fetch GET 200 https://registry.npmjs.org/react-motion 467ms (cache miss)
99 http fetch GET 200 https://registry.npmjs.org/fscreen 582ms (cache miss)
100 http fetch GET 200 https://registry.npmjs.org/mitt 1215ms (cache miss)
101 http fetch GET 200 https://registry.npmjs.org/dom-helpers 1225ms (cache miss)
102 http fetch GET 200 https://registry.npmjs.org/get-prefix 1372ms (cache miss)
103 http fetch GET 200 https://registry.npmjs.org/animation-bus 1402ms (cache miss)
104 timing idealTree:node_modules/react-images Completed in 1430ms
105 timing idealTree:node_modules/a11y-focus-store Completed in 0ms
106 timing idealTree:node_modules/cross-env Completed in 1ms
107 silly placeDep ROOT fbjs@0.8.18 OK for: glam@5.0.1 want: ^0.8.16
108 silly placeDep ROOT inline-style-prefixer@3.0.8 OK for: glam@5.0.1 want: ^3.0.8
109 silly fetch manifest core-js@^1.0.0
110 silly fetch manifest isomorphic-fetch@^2.1.1
111 silly fetch manifest promise@^7.1.1
112 silly fetch manifest setimmediate@^1.0.5
113 silly fetch manifest ua-parser-js@^0.7.30
114 silly fetch manifest bowser@^1.7.3
115 silly fetch manifest css-in-js-utils@^2.0.0
116 http fetch GET 200 https://registry.npmjs.org/css-in-js-utils 98ms (cache miss)
117 http fetch GET 200 https://registry.npmjs.org/isomorphic-fetch 107ms (cache miss)
118 http fetch GET 200 https://registry.npmjs.org/setimmediate 109ms (cache miss)
119 http fetch GET 200 https://registry.npmjs.org/bowser 127ms (cache miss)
120 http fetch GET 200 https://registry.npmjs.org/promise 149ms (cache miss)
121 http fetch GET 200 https://registry.npmjs.org/ua-parser-js 153ms (cache miss)
122 http fetch GET 200 https://registry.npmjs.org/core-js 171ms (cache miss)
123 timing idealTree:node_modules/glam Completed in 184ms
124 silly placeDep node_modules/fbjs core-js@1.2.7 OK for: fbjs@0.8.18 want: ^1.0.0
125 silly placeDep ROOT isomorphic-fetch@2.2.1 OK for: fbjs@0.8.18 want: ^2.1.1
126 silly placeDep node_modules/fbjs promise@7.3.1 OK for: fbjs@0.8.18 want: ^7.1.1
127 silly placeDep ROOT setimmediate@1.0.5 OK for: fbjs@0.8.18 want: ^1.0.5
128 silly placeDep ROOT ua-parser-js@0.7.38 OK for: fbjs@0.8.18 want: ^0.7.30
129 silly fetch manifest node-fetch@^1.0.1
130 http fetch GET 200 https://registry.npmjs.org/node-fetch 98ms (cache miss)
131 timing idealTree:node_modules/fbjs Completed in 110ms
132 silly placeDep ROOT html-dom-parser@1.2.0 OK for: html-react-parser@1.4.14 want: 1.2.0
133 silly placeDep ROOT react-property@2.0.0 OK for: html-react-parser@1.4.14 want: 2.0.0
134 silly placeDep ROOT style-to-js@1.1.1 OK for: html-react-parser@1.4.14 want: 1.1.1
135 silly fetch manifest htmlparser2@7.2.0
136 silly fetch manifest style-to-object@0.3.0
137 http fetch GET 200 https://registry.npmjs.org/htmlparser2 88ms (cache miss)
138 http fetch GET 200 https://registry.npmjs.org/style-to-object 90ms (cache miss)
139 timing idealTree:node_modules/html-react-parser Completed in 96ms
140 silly placeDep node_modules/html-dom-parser htmlparser2@7.2.0 OK for: html-dom-parser@1.2.0 want: 7.2.0
141 silly fetch manifest entities@^3.0.1
142 http fetch GET 200 https://registry.npmjs.org/entities 77ms (cache miss)
143 timing idealTree:node_modules/html-dom-parser Completed in 82ms
144 silly placeDep ROOT bowser@1.9.4 OK for: inline-style-prefixer@3.0.8 want: ^1.7.3
145 silly placeDep ROOT css-in-js-utils@2.0.1 OK for: inline-style-prefixer@3.0.8 want: ^2.0.0
146 silly fetch manifest hyphenate-style-name@^1.0.2
147 silly fetch manifest isobject@^3.0.1
148 http fetch GET 200 https://registry.npmjs.org/isobject 68ms (cache miss)
149 http fetch GET 200 https://registry.npmjs.org/hyphenate-style-name 75ms (cache miss)
150 timing idealTree:node_modules/inline-style-prefixer Completed in 80ms
151 timing idealTree:node_modules/bowser Completed in 0ms
152 silly placeDep ROOT hyphenate-style-name@1.1.0 OK for: css-in-js-utils@2.0.1 want: ^1.0.2
153 silly placeDep ROOT isobject@3.0.1 OK for: css-in-js-utils@2.0.1 want: ^3.0.1
154 timing idealTree:node_modules/css-in-js-utils Completed in 4ms
155 timing idealTree:node_modules/hyphenate-style-name Completed in 0ms
156 timing idealTree:node_modules/isobject Completed in 0ms
157 silly placeDep ROOT node-fetch@1.7.3 OK for: isomorphic-fetch@2.2.1 want: ^1.0.1
158 silly fetch manifest encoding@^0.1.11
159 silly fetch manifest is-stream@^1.0.1
160 http fetch GET 200 https://registry.npmjs.org/is-stream 77ms (cache miss)
161 http fetch GET 200 https://registry.npmjs.org/encoding 113ms (cache miss)
162 timing idealTree:node_modules/isomorphic-fetch Completed in 116ms
163 silly placeDep ROOT encoding@0.1.13 OK for: node-fetch@1.7.3 want: ^0.1.11
164 silly placeDep node_modules/node-fetch is-stream@1.1.0 OK for: node-fetch@1.7.3 want: ^1.0.1
165 timing idealTree:node_modules/node-fetch Completed in 3ms
166 timing idealTree:node_modules/encoding Completed in 0ms
167 timing idealTree:node_modules/raf-schd Completed in 0ms
168 silly placeDep ROOT aria-hidden@1.2.4 OK for: react-focus-on@3.9.3 want: ^1.2.2
169 silly placeDep ROOT react-focus-lock@2.13.2 OK for: react-focus-on@3.9.3 want: ^2.11.3
170 silly placeDep ROOT react-remove-scroll@2.5.10 OK for: react-focus-on@3.9.3 want: ^2.5.7
171 silly placeDep ROOT react-style-singleton@2.2.1 OK for: react-focus-on@3.9.3 want: ^2.2.1
172 silly placeDep ROOT use-sidecar@1.1.2 OK for: react-focus-on@3.9.3 want: ^1.1.2
173 silly fetch manifest focus-lock@^1.3.5
174 silly fetch manifest react-clientside-effect@^1.2.6
175 silly fetch manifest use-callback-ref@^1.3.2
176 silly fetch manifest react-remove-scroll-bar@^2.3.6
177 silly fetch manifest use-callback-ref@^1.3.0
178 silly fetch manifest get-nonce@^1.0.0
179 silly fetch manifest invariant@^2.2.4
180 silly fetch manifest detect-node-es@^1.1.0
181 http fetch GET 200 https://registry.npmjs.org/use-callback-ref 90ms (cache miss)
182 http fetch GET 200 https://registry.npmjs.org/use-callback-ref 116ms (cache miss)
183 http fetch GET 200 https://registry.npmjs.org/get-nonce 120ms (cache miss)
184 http fetch GET 200 https://registry.npmjs.org/detect-node-es 120ms (cache miss)
185 http fetch GET 200 https://registry.npmjs.org/react-clientside-effect 124ms (cache miss)
186 http fetch GET 200 https://registry.npmjs.org/react-remove-scroll-bar 125ms (cache miss)
187 http fetch GET 200 https://registry.npmjs.org/focus-lock 132ms (cache miss)
188 http fetch GET 200 https://registry.npmjs.org/invariant 138ms (cache miss)
189 timing idealTree:node_modules/react-focus-on Completed in 148ms
190 timing idealTree:node_modules/aria-hidden Completed in 0ms
191 silly placeDep ROOT focus-lock@1.3.5 OK for: react-focus-lock@2.13.2 want: ^1.3.5
192 silly placeDep ROOT react-clientside-effect@1.2.6 OK for: react-focus-lock@2.13.2 want: ^1.2.6
193 silly placeDep ROOT use-callback-ref@1.3.2 OK for: react-focus-lock@2.13.2 want: ^1.3.2
194 timing idealTree:node_modules/react-focus-lock Completed in 10ms
195 timing idealTree:node_modules/focus-lock Completed in 0ms
196 timing idealTree:node_modules/react-clientside-effect Completed in 0ms
197 silly placeDep ROOT fscreen@1.2.0 OK for: react-full-screen@1.1.1 want: ^1.0.2
198 timing idealTree:node_modules/react-full-screen Completed in 3ms
199 timing idealTree:node_modules/fscreen Completed in 0ms
200 timing idealTree:node_modules/react-property Completed in 0ms
201 silly placeDep ROOT react-remove-scroll-bar@2.3.6 OK for: react-remove-scroll@2.5.10 want: ^2.3.6
202 timing idealTree:node_modules/react-remove-scroll Completed in 2ms
203 timing idealTree:node_modules/react-remove-scroll-bar Completed in 0ms
204 silly placeDep ROOT get-nonce@1.0.1 OK for: react-style-singleton@2.2.1 want: ^1.0.0
205 silly placeDep ROOT invariant@2.2.4 OK for: react-style-singleton@2.2.1 want: ^2.2.4
206 timing idealTree:node_modules/react-style-singleton Completed in 3ms
207 timing idealTree:node_modules/get-nonce Completed in 0ms
208 timing idealTree:node_modules/invariant Completed in 0ms
209 silly placeDep ROOT dom-helpers@5.2.1 OK for: react-transition-group@4.4.5 want: ^5.0.1
210 timing idealTree:node_modules/react-transition-group Completed in 2ms
211 timing idealTree:node_modules/dom-helpers Completed in 0ms
212 silly placeDep ROOT animation-bus@0.2.0 OK for: react-view-pager@0.6.0 want: ^0.2.0
213 silly placeDep ROOT get-prefix@1.0.0 OK for: react-view-pager@0.6.0 want: ^1.0.0
214 silly placeDep ROOT mitt@1.1.3 OK for: react-view-pager@0.6.0 want: 1.1.3
215 silly placeDep ROOT react-motion@0.5.2 OK for: react-view-pager@0.6.0 want: ^0.5.0
216 silly placeDep ROOT resize-observer-polyfill@1.5.0 OK for: react-view-pager@0.6.0 want: 1.5.0
217 silly placeDep ROOT tabbable@1.1.2 OK for: react-view-pager@0.6.0 want: 1.1.2
218 silly fetch manifest performance-now@^0.2.0
219 http fetch GET 200 https://registry.npmjs.org/performance-now 74ms (cache miss)
220 timing idealTree:node_modules/react-view-pager Completed in 82ms
221 timing idealTree:node_modules/animation-bus Completed in 0ms
222 timing idealTree:node_modules/get-prefix Completed in 0ms
223 timing idealTree:node_modules/mitt Completed in 0ms
224 silly placeDep node_modules/react-motion performance-now@0.2.0 OK for: react-motion@0.5.2 want: ^0.2.0
225 timing idealTree:node_modules/react-motion Completed in 2ms
226 timing idealTree:node_modules/resize-observer-polyfill Completed in 0ms
227 timing idealTree:node_modules/setimmediate Completed in 0ms
228 silly placeDep ROOT style-to-object@0.3.0 OK for: style-to-js@1.1.1 want: 0.3.0
229 silly fetch manifest inline-style-parser@0.1.1
230 http fetch GET 200 https://registry.npmjs.org/inline-style-parser 72ms (cache miss)
231 timing idealTree:node_modules/style-to-js Completed in 76ms
232 silly placeDep ROOT inline-style-parser@0.1.1 OK for: style-to-object@0.3.0 want: 0.1.1
233 timing idealTree:node_modules/style-to-object Completed in 3ms
234 timing idealTree:node_modules/inline-style-parser Completed in 0ms
235 timing idealTree:node_modules/tabbable Completed in 0ms
236 timing idealTree:node_modules/ua-parser-js Completed in 0ms
237 timing idealTree:node_modules/use-callback-ref Completed in 0ms
238 silly placeDep ROOT detect-node-es@1.1.0 OK for: use-sidecar@1.1.2 want: ^1.1.0
239 timing idealTree:node_modules/use-sidecar Completed in 2ms
240 timing idealTree:node_modules/detect-node-es Completed in 0ms
241 timing idealTree:node_modules/fbjs/node_modules/core-js Completed in 0ms
242 timing idealTree:node_modules/fbjs/node_modules/promise Completed in 0ms
243 silly placeDep node_modules/html-dom-parser entities@3.0.1 OK for: htmlparser2@7.2.0 want: ^3.0.1
244 timing idealTree:node_modules/html-dom-parser/node_modules/htmlparser2 Completed in 1ms
245 timing idealTree:node_modules/html-dom-parser/node_modules/entities Completed in 0ms
246 timing idealTree:node_modules/node-fetch/node_modules/is-stream Completed in 0ms
247 timing idealTree:node_modules/react-motion/node_modules/performance-now Completed in 0ms
248 timing idealTree:buildDeps Completed in 3021ms
249 timing idealTree:fixDepFlags Completed in 31ms
250 timing idealTree Completed in 3079ms
251 timing command:ci Completed in 3927ms
252 notice
252 notice New [31mmajor[39m version of npm available! [31m9.5.1[39m -> [32m10.8.3[39m
252 notice Changelog: [36mhttps://github.com/npm/cli/releases/tag/v10.8.3[39m
252 notice Run [32mnpm install -g npm@10.8.3[39m to update!
252 notice
253 verbose stack Error: 
253 verbose stack `npm ci` can only install packages when your package.json and package-lock.json or npm-shrinkwrap.json are in sync. Please update your lock file with `npm install` before continuing.
253 verbose stack
253 verbose stack Missing: react-images@1.2.0-beta.7 from lock file
253 verbose stack Missing: a11y-focus-store@1.0.0 from lock file
253 verbose stack Missing: cross-env@7.0.3 from lock file
253 verbose stack Missing: glam@5.0.1 from lock file
253 verbose stack Missing: html-react-parser@1.4.14 from lock file
253 verbose stack Missing: raf-schd@4.0.3 from lock file
253 verbose stack Missing: react-focus-on@3.9.3 from lock file
253 verbose stack Missing: react-full-screen@1.1.1 from lock file
253 verbose stack Missing: react-transition-group@4.4.5 from lock file
253 verbose stack Missing: react-view-pager@0.6.0 from lock file
253 verbose stack Missing: fbjs@0.8.18 from lock file
253 verbose stack Missing: inline-style-prefixer@3.0.8 from lock file
253 verbose stack Missing: core-js@1.2.7 from lock file
253 verbose stack Missing: isomorphic-fetch@2.2.1 from lock file
253 verbose stack Missing: promise@7.3.1 from lock file
253 verbose stack Missing: setimmediate@1.0.5 from lock file
253 verbose stack Missing: ua-parser-js@0.7.38 from lock file
253 verbose stack Missing: html-dom-parser@1.2.0 from lock file
253 verbose stack Missing: react-property@2.0.0 from lock file
253 verbose stack Missing: style-to-js@1.1.1 from lock file
253 verbose stack Missing: htmlparser2@7.2.0 from lock file
253 verbose stack Missing: bowser@1.9.4 from lock file
253 verbose stack Missing: css-in-js-utils@2.0.1 from lock file
253 verbose stack Missing: hyphenate-style-name@1.1.0 from lock file
253 verbose stack Missing: isobject@3.0.1 from lock file
253 verbose stack Missing: node-fetch@1.7.3 from lock file
253 verbose stack Missing: encoding@0.1.13 from lock file
253 verbose stack Missing: is-stream@1.1.0 from lock file
253 verbose stack Missing: aria-hidden@1.2.4 from lock file
253 verbose stack Missing: react-focus-lock@2.13.2 from lock file
253 verbose stack Missing: react-remove-scroll@2.5.10 from lock file
253 verbose stack Missing: react-style-singleton@2.2.1 from lock file
253 verbose stack Missing: use-sidecar@1.1.2 from lock file
253 verbose stack Missing: focus-lock@1.3.5 from lock file
253 verbose stack Missing: react-clientside-effect@1.2.6 from lock file
253 verbose stack Missing: use-callback-ref@1.3.2 from lock file
253 verbose stack Missing: fscreen@1.2.0 from lock file
253 verbose stack Missing: react-remove-scroll-bar@2.3.6 from lock file
253 verbose stack Missing: get-nonce@1.0.1 from lock file
253 verbose stack Missing: invariant@2.2.4 from lock file
253 verbose stack Missing: dom-helpers@5.2.1 from lock file
253 verbose stack Missing: animation-bus@0.2.0 from lock file
253 verbose stack Missing: get-prefix@1.0.0 from lock file
253 verbose stack Missing: mitt@1.1.3 from lock file
253 verbose stack Missing: react-motion@0.5.2 from lock file
253 verbose stack Missing: resize-observer-polyfill@1.5.0 from lock file
253 verbose stack Missing: tabbable@1.1.2 from lock file
253 verbose stack Missing: performance-now@0.2.0 from lock file
253 verbose stack Missing: style-to-object@0.3.0 from lock file
253 verbose stack Missing: inline-style-parser@0.1.1 from lock file
253 verbose stack Missing: detect-node-es@1.1.0 from lock file
253 verbose stack Missing: entities@3.0.1 from lock file
253 verbose stack
253 verbose stack Clean install a project
253 verbose stack
253 verbose stack Usage:
253 verbose stack npm ci
253 verbose stack
253 verbose stack Options:
253 verbose stack [-S|--save|--no-save|--save-prod|--save-dev|--save-optional|--save-peer|--save-bundle]
253 verbose stack [-E|--save-exact] [-g|--global]
253 verbose stack [--install-strategy <hoisted|nested|shallow|linked>] [--legacy-bundling]
253 verbose stack [--global-style] [--omit <dev|optional|peer> [--omit <dev|optional|peer> ...]]
253 verbose stack [--strict-peer-deps] [--no-package-lock] [--foreground-scripts]
253 verbose stack [--ignore-scripts] [--no-audit] [--no-bin-links] [--no-fund] [--dry-run]
253 verbose stack [-w|--workspace <workspace-name> [-w|--workspace <workspace-name> ...]]
253 verbose stack [-ws|--workspaces] [--include-workspace-root] [--install-links]
253 verbose stack
253 verbose stack aliases: clean-install, ic, install-clean, isntall-clean
253 verbose stack
253 verbose stack Run "npm help ci" for more info
253 verbose stack     at CI.usageError (C:\Users\jonat\AppData\Roaming\nvm\v18.16.0\node_modules\npm\lib\base-command.js:101:26)
253 verbose stack     at CI.exec (C:\Users\jonat\AppData\Roaming\nvm\v18.16.0\node_modules\npm\lib\commands\ci.js:55:18)
253 verbose stack     at async module.exports (C:\Users\jonat\AppData\Roaming\nvm\v18.16.0\node_modules\npm\lib\cli.js:134:5)
254 verbose cwd C:\Users\jonat\OneDrive\Desktop\photo-gallery
255 verbose Windows_NT 10.0.22631
256 verbose node v18.16.0
257 verbose npm  v9.5.1
258 error code EUSAGE
259 error
259 error `npm ci` can only install packages when your package.json and package-lock.json or npm-shrinkwrap.json are in sync. Please update your lock file with `npm install` before continuing.
259 error
259 error Missing: react-images@1.2.0-beta.7 from lock file
259 error Missing: a11y-focus-store@1.0.0 from lock file
259 error Missing: cross-env@7.0.3 from lock file
259 error Missing: glam@5.0.1 from lock file
259 error Missing: html-react-parser@1.4.14 from lock file
259 error Missing: raf-schd@4.0.3 from lock file
259 error Missing: react-focus-on@3.9.3 from lock file
259 error Missing: react-full-screen@1.1.1 from lock file
259 error Missing: react-transition-group@4.4.5 from lock file
259 error Missing: react-view-pager@0.6.0 from lock file
259 error Missing: fbjs@0.8.18 from lock file
259 error Missing: inline-style-prefixer@3.0.8 from lock file
259 error Missing: core-js@1.2.7 from lock file
259 error Missing: isomorphic-fetch@2.2.1 from lock file
259 error Missing: promise@7.3.1 from lock file
259 error Missing: setimmediate@1.0.5 from lock file
259 error Missing: ua-parser-js@0.7.38 from lock file
259 error Missing: html-dom-parser@1.2.0 from lock file
259 error Missing: react-property@2.0.0 from lock file
259 error Missing: style-to-js@1.1.1 from lock file
259 error Missing: htmlparser2@7.2.0 from lock file
259 error Missing: bowser@1.9.4 from lock file
259 error Missing: css-in-js-utils@2.0.1 from lock file
259 error Missing: hyphenate-style-name@1.1.0 from lock file
259 error Missing: isobject@3.0.1 from lock file
259 error Missing: node-fetch@1.7.3 from lock file
259 error Missing: encoding@0.1.13 from lock file
259 error Missing: is-stream@1.1.0 from lock file
259 error Missing: aria-hidden@1.2.4 from lock file
259 error Missing: react-focus-lock@2.13.2 from lock file
259 error Missing: react-remove-scroll@2.5.10 from lock file
259 error Missing: react-style-singleton@2.2.1 from lock file
259 error Missing: use-sidecar@1.1.2 from lock file
259 error Missing: focus-lock@1.3.5 from lock file
259 error Missing: react-clientside-effect@1.2.6 from lock file
259 error Missing: use-callback-ref@1.3.2 from lock file
259 error Missing: fscreen@1.2.0 from lock file
259 error Missing: react-remove-scroll-bar@2.3.6 from lock file
259 error Missing: get-nonce@1.0.1 from lock file
259 error Missing: invariant@2.2.4 from lock file
259 error Missing: dom-helpers@5.2.1 from lock file
259 error Missing: animation-bus@0.2.0 from lock file
259 error Missing: get-prefix@1.0.0 from lock file
259 error Missing: mitt@1.1.3 from lock file
259 error Missing: react-motion@0.5.2 from lock file
259 error Missing: resize-observer-polyfill@1.5.0 from lock file
259 error Missing: tabbable@1.1.2 from lock file
259 error Missing: performance-now@0.2.0 from lock file
259 error Missing: style-to-object@0.3.0 from lock file
259 error Missing: inline-style-parser@0.1.1 from lock file
259 error Missing: detect-node-es@1.1.0 from lock file
259 error Missing: entities@3.0.1 from lock file
259 error
259 error Clean install a project
259 error
259 error Usage:
259 error npm ci
259 error
259 error Options:
259 error [-S|--save|--no-save|--save-prod|--save-dev|--save-optional|--save-peer|--save-bundle]
259 error [-E|--save-exact] [-g|--global]
259 error [--install-strategy <hoisted|nested|shallow|linked>] [--legacy-bundling]
259 error [--global-style] [--omit <dev|optional|peer> [--omit <dev|optional|peer> ...]]
259 error [--strict-peer-deps] [--no-package-lock] [--foreground-scripts]
259 error [--ignore-scripts] [--no-audit] [--no-bin-links] [--no-fund] [--dry-run]
259 error [-w|--workspace <workspace-name> [-w|--workspace <workspace-name> ...]]
259 error [-ws|--workspaces] [--include-workspace-root] [--install-links]
259 error
259 error aliases: clean-install, ic, install-clean, isntall-clean
259 error
259 error Run "npm help ci" for more info
260 verbose exit 1
261 timing npm Completed in 4275ms
262 verbose code 1
263 error A complete log of this run can be found in:
263 error     C:\Users\jonat\OneDrive\Desktop\photo-gallery\.npm\_logs\2024-09-06T19_09_36_361Z-debug-0.log
